{"C:\\rifa-online\\backend\\src\\server.ts": {"path":"C:\\rifa-online\\backend\\src\\server.ts","statementMap":{"0":{"start":{"line":1,"column":0},"end":{"line":1,"column":30}},"1":{"start":{"line":2,"column":0},"end":{"line":2,"column":24}},"2":{"start":{"line":3,"column":0},"end":{"line":3,"column":46}},"3":{"start":{"line":4,"column":0},"end":{"line":4,"column":45}},"4":{"start":{"line":5,"column":0},"end":{"line":5,"column":59}},"5":{"start":{"line":6,"column":0},"end":{"line":6,"column":51}},"6":{"start":{"line":7,"column":0},"end":{"line":7,"column":53}},"7":{"start":{"line":8,"column":0},"end":{"line":8,"column":51}},"8":{"start":{"line":9,"column":0},"end":{"line":9,"column":24}},"9":{"start":{"line":11,"column":12},"end":{"line":11,"column":21}},"10":{"start":{"line":13,"column":0},"end":{"line":13,"column":12}},"11":{"start":{"line":14,"column":0},"end":{"line":20,"column":2}},"12":{"start":{"line":23,"column":0},"end":{"line":29,"column":3}},"13":{"start":{"line":24,"column":2},"end":{"line":28,"column":3}},"14":{"start":{"line":25,"column":4},"end":{"line":25,"column":11}},"15":{"start":{"line":27,"column":4},"end":{"line":27,"column":35}},"16":{"start":{"line":32,"column":0},"end":{"line":32,"column":78}},"17":{"start":{"line":35,"column":0},"end":{"line":35,"column":34}},"18":{"start":{"line":36,"column":0},"end":{"line":36,"column":31}},"19":{"start":{"line":37,"column":0},"end":{"line":37,"column":48}},"20":{"start":{"line":38,"column":0},"end":{"line":38,"column":42}},"21":{"start":{"line":39,"column":0},"end":{"line":39,"column":40}},"22":{"start":{"line":41,"column":0},"end":{"line":46,"column":3}},"23":{"start":{"line":42,"column":2},"end":{"line":45,"column":5}},"24":{"start":{"line":48,"column":13},"end":{"line":48,"column":37}},"25":{"start":{"line":49,"column":0},"end":{"line":49,"column":70}},"26":{"start":{"line":49,"column":23},"end":{"line":49,"column":68}}},"fnMap":{"0":{"name":"(anonymous_1)","decl":{"start":{"line":23,"column":8},"end":{"line":23,"column":9}},"loc":{"start":{"line":23,"column":27},"end":{"line":29,"column":1}}},"1":{"name":"(anonymous_2)","decl":{"start":{"line":41,"column":13},"end":{"line":41,"column":14}},"loc":{"start":{"line":41,"column":26},"end":{"line":46,"column":1}}},"2":{"name":"(anonymous_3)","decl":{"start":{"line":49,"column":17},"end":{"line":49,"column":20}},"loc":{"start":{"line":49,"column":23},"end":{"line":49,"column":68}}}},"branchMap":{"0":{"loc":{"start":{"line":24,"column":2},"end":{"line":28,"column":3}},"type":"if","locations":[{"start":{"line":24,"column":2},"end":{"line":28,"column":3}},{"start":{"line":26,"column":9},"end":{"line":28,"column":3}}]},"1":{"loc":{"start":{"line":48,"column":13},"end":{"line":48,"column":37}},"type":"binary-expr","locations":[{"start":{"line":48,"column":13},"end":{"line":48,"column":29}},{"start":{"line":48,"column":33},"end":{"line":48,"column":37}}]}},"s":{"0":0,"1":0,"2":0,"3":0,"4":0,"5":0,"6":0,"7":0,"8":0,"9":0,"10":0,"11":0,"12":0,"13":0,"14":0,"15":0,"16":0,"17":0,"18":0,"19":0,"20":0,"21":0,"22":0,"23":0,"24":0,"25":0,"26":0},"f":{"0":0,"1":0,"2":0},"b":{"0":[0,0],"1":[0,0]}}
,"C:\\rifa-online\\backend\\src\\config\\database.ts": {"path":"C:\\rifa-online\\backend\\src\\config\\database.ts","statementMap":{"0":{"start":{"line":1,"column":0},"end":{"line":1,"column":32}},"1":{"start":{"line":2,"column":0},"end":{"line":2,"column":28}},"2":{"start":{"line":4,"column":0},"end":{"line":4,"column":16}},"3":{"start":{"line":6,"column":25},"end":{"line":14,"column":2}},"4":{"start":{"line":6,"column":51},"end":{"line":14,"column":2}},"5":{"start":{"line":7,"column":2},"end":{"line":13,"column":3}},"6":{"start":{"line":8,"column":4},"end":{"line":8,"column":53}},"7":{"start":{"line":9,"column":4},"end":{"line":9,"column":37}},"8":{"start":{"line":11,"column":4},"end":{"line":11,"column":57}},"9":{"start":{"line":12,"column":4},"end":{"line":12,"column":20}},"10":{"start":{"line":6,"column":13},"end":{"line":6,"column":25}}},"fnMap":{"0":{"name":"(anonymous_8)","decl":{"start":{"line":6,"column":25},"end":{"line":6,"column":49}},"loc":{"start":{"line":6,"column":51},"end":{"line":14,"column":2}}},"1":{"name":"(anonymous_9)","decl":{"start":{"line":6,"column":51},"end":{"line":6,"column":null}},"loc":{"start":{"line":6,"column":51},"end":{"line":14,"column":1}}}},"branchMap":{},"s":{"0":0,"1":0,"2":0,"3":0,"4":0,"5":0,"6":0,"7":0,"8":0,"9":0,"10":0},"f":{"0":0,"1":0},"b":{}}
,"C:\\rifa-online\\backend\\src\\config\\multer.ts": {"path":"C:\\rifa-online\\backend\\src\\config\\multer.ts","statementMap":{"0":{"start":{"line":1,"column":0},"end":{"line":1,"column":28}},"1":{"start":{"line":2,"column":0},"end":{"line":2,"column":24}},"2":{"start":{"line":3,"column":0},"end":{"line":3,"column":28}},"3":{"start":{"line":6,"column":16},"end":{"line":16,"column":2}},"4":{"start":{"line":8,"column":4},"end":{"line":8,"column":61}},"5":{"start":{"line":11,"column":4},"end":{"line":14,"column":7}},"6":{"start":{"line":12,"column":6},"end":{"line":12,"column":34}},"7":{"start":{"line":12,"column":15},"end":{"line":12,"column":34}},"8":{"start":{"line":13,"column":6},"end":{"line":13,"column":70}},"9":{"start":{"line":18,"column":19},"end":{"line":31,"column":1}},"10":{"start":{"line":19,"column":23},"end":{"line":24,"column":4}},"11":{"start":{"line":26,"column":2},"end":{"line":30,"column":3}},"12":{"start":{"line":27,"column":4},"end":{"line":27,"column":19}},"13":{"start":{"line":29,"column":4},"end":{"line":29,"column":65}},"14":{"start":{"line":33,"column":13},"end":{"line":39,"column":3}}},"fnMap":{"0":{"name":"(anonymous_1)","decl":{"start":{"line":7,"column":15},"end":{"line":7,"column":16}},"loc":{"start":{"line":7,"column":33},"end":{"line":9,"column":3}}},"1":{"name":"(anonymous_2)","decl":{"start":{"line":10,"column":12},"end":{"line":10,"column":13}},"loc":{"start":{"line":10,"column":30},"end":{"line":15,"column":3}}},"2":{"name":"(anonymous_3)","decl":{"start":{"line":11,"column":27},"end":{"line":11,"column":28}},"loc":{"start":{"line":11,"column":40},"end":{"line":14,"column":5}}},"3":{"name":"(anonymous_4)","decl":{"start":{"line":18,"column":19},"end":{"line":18,"column":20}},"loc":{"start":{"line":18,"column":102},"end":{"line":31,"column":1}}}},"branchMap":{"0":{"loc":{"start":{"line":12,"column":6},"end":{"line":12,"column":34}},"type":"if","locations":[{"start":{"line":12,"column":6},"end":{"line":12,"column":34}}]},"1":{"loc":{"start":{"line":26,"column":2},"end":{"line":30,"column":3}},"type":"if","locations":[{"start":{"line":26,"column":2},"end":{"line":30,"column":3}},{"start":{"line":28,"column":9},"end":{"line":30,"column":3}}]}},"s":{"0":0,"1":0,"2":0,"3":0,"4":0,"5":0,"6":0,"7":0,"8":0,"9":0,"10":0,"11":0,"12":0,"13":0,"14":0},"f":{"0":0,"1":0,"2":0,"3":0},"b":{"0":[0],"1":[0,0]}}
,"C:\\rifa-online\\backend\\src\\config\\stripe.ts": {"path":"C:\\rifa-online\\backend\\src\\config\\stripe.ts","statementMap":{"0":{"start":{"line":1,"column":0},"end":{"line":1,"column":28}},"1":{"start":{"line":2,"column":0},"end":{"line":2,"column":28}},"2":{"start":{"line":4,"column":0},"end":{"line":4,"column":16}},"3":{"start":{"line":6,"column":0},"end":{"line":9,"column":1}},"4":{"start":{"line":7,"column":2},"end":{"line":7,"column":77}},"5":{"start":{"line":8,"column":2},"end":{"line":8,"column":18}},"6":{"start":{"line":11,"column":15},"end":{"line":13,"column":2}},"7":{"start":{"line":15,"column":0},"end":{"line":15,"column":22}}},"fnMap":{},"branchMap":{"0":{"loc":{"start":{"line":6,"column":0},"end":{"line":9,"column":1}},"type":"if","locations":[{"start":{"line":6,"column":0},"end":{"line":9,"column":1}}]}},"s":{"0":1,"1":1,"2":1,"3":1,"4":0,"5":0,"6":1,"7":1},"f":{},"b":{"0":[0]}}
,"C:\\rifa-online\\backend\\src\\controllers\\campaignController.ts": {"path":"C:\\rifa-online\\backend\\src\\controllers\\campaignController.ts","statementMap":{"0":{"start":{"line":3,"column":0},"end":{"line":3,"column":41}},"1":{"start":{"line":4,"column":0},"end":{"line":4,"column":33}},"2":{"start":{"line":5,"column":0},"end":{"line":5,"column":71}},"3":{"start":{"line":6,"column":0},"end":{"line":6,"column":48}},"4":{"start":{"line":7,"column":0},"end":{"line":7,"column":24}},"5":{"start":{"line":9,"column":32},"end":{"line":30,"column":2}},"6":{"start":{"line":12,"column":19},"end":{"line":30,"column":2}},"7":{"start":{"line":13,"column":2},"end":{"line":29,"column":3}},"8":{"start":{"line":14,"column":27},"end":{"line":14,"column":37}},"9":{"start":{"line":16,"column":18},"end":{"line":16,"column":49}},"10":{"start":{"line":18,"column":4},"end":{"line":23,"column":5}},"11":{"start":{"line":19,"column":6},"end":{"line":21,"column":75}},"12":{"start":{"line":22,"column":6},"end":{"line":22,"column":13}},"13":{"start":{"line":25,"column":4},"end":{"line":25,"column":32}},"14":{"start":{"line":27,"column":4},"end":{"line":27,"column":53}},"15":{"start":{"line":28,"column":4},"end":{"line":28,"column":64}},"16":{"start":{"line":9,"column":13},"end":{"line":9,"column":32}},"17":{"start":{"line":32,"column":30},"end":{"line":65,"column":2}},"18":{"start":{"line":35,"column":19},"end":{"line":65,"column":2}},"19":{"start":{"line":36,"column":2},"end":{"line":64,"column":3}},"20":{"start":{"line":37,"column":18},"end":{"line":38,"column":null}},"21":{"start":{"line":40,"column":4},"end":{"line":43,"column":5}},"22":{"start":{"line":41,"column":6},"end":{"line":41,"column":62}},"23":{"start":{"line":42,"column":6},"end":{"line":42,"column":13}},"24":{"start":{"line":45,"column":21},"end":{"line":49,"column":null}},"25":{"start":{"line":52,"column":4},"end":{"line":52,"column":26}},"26":{"start":{"line":54,"column":18},"end":{"line":56,"column":null}},"27":{"start":{"line":58,"column":4},"end":{"line":58,"column":33}},"28":{"start":{"line":60,"column":4},"end":{"line":60,"column":35}},"29":{"start":{"line":62,"column":4},"end":{"line":62,"column":53}},"30":{"start":{"line":63,"column":4},"end":{"line":63,"column":52}},"31":{"start":{"line":32,"column":13},"end":{"line":32,"column":30}},"32":{"start":{"line":67,"column":28},"end":{"line":78,"column":2}},"33":{"start":{"line":70,"column":19},"end":{"line":78,"column":2}},"34":{"start":{"line":71,"column":2},"end":{"line":77,"column":3}},"35":{"start":{"line":72,"column":22},"end":{"line":72,"column":67}},"36":{"start":{"line":73,"column":4},"end":{"line":73,"column":24}},"37":{"start":{"line":75,"column":4},"end":{"line":75,"column":54}},"38":{"start":{"line":76,"column":4},"end":{"line":76,"column":52}},"39":{"start":{"line":67,"column":13},"end":{"line":67,"column":28}},"40":{"start":{"line":80,"column":31},"end":{"line":95,"column":2}},"41":{"start":{"line":83,"column":19},"end":{"line":95,"column":2}},"42":{"start":{"line":84,"column":2},"end":{"line":94,"column":3}},"43":{"start":{"line":85,"column":21},"end":{"line":85,"column":59}},"44":{"start":{"line":86,"column":4},"end":{"line":89,"column":5}},"45":{"start":{"line":87,"column":6},"end":{"line":87,"column":60}},"46":{"start":{"line":88,"column":6},"end":{"line":88,"column":13}},"47":{"start":{"line":90,"column":4},"end":{"line":90,"column":23}},"48":{"start":{"line":92,"column":4},"end":{"line":92,"column":61}},"49":{"start":{"line":93,"column":4},"end":{"line":93,"column":52}},"50":{"start":{"line":80,"column":13},"end":{"line":80,"column":31}},"51":{"start":{"line":97,"column":30},"end":{"line":126,"column":2}},"52":{"start":{"line":100,"column":19},"end":{"line":126,"column":2}},"53":{"start":{"line":101,"column":2},"end":{"line":125,"column":3}},"54":{"start":{"line":102,"column":21},"end":{"line":105,"column":6}},"55":{"start":{"line":107,"column":4},"end":{"line":110,"column":5}},"56":{"start":{"line":108,"column":6},"end":{"line":108,"column":66}},"57":{"start":{"line":109,"column":6},"end":{"line":109,"column":13}},"58":{"start":{"line":113,"column":4},"end":{"line":113,"column":57}},"59":{"start":{"line":116,"column":4},"end":{"line":119,"column":5}},"60":{"start":{"line":117,"column":24},"end":{"line":117,"column":101}},"61":{"start":{"line":118,"column":6},"end":{"line":118,"column":34}},"62":{"start":{"line":121,"column":4},"end":{"line":121,"column":72}},"63":{"start":{"line":123,"column":4},"end":{"line":123,"column":54}},"64":{"start":{"line":124,"column":4},"end":{"line":124,"column":65}},"65":{"start":{"line":97,"column":13},"end":{"line":97,"column":30}},"66":{"start":{"line":129,"column":25},"end":{"line":151,"column":2}},"67":{"start":{"line":129,"column":82},"end":{"line":151,"column":2}},"68":{"start":{"line":130,"column":2},"end":{"line":150,"column":3}},"69":{"start":{"line":131,"column":27},"end":{"line":131,"column":37}},"70":{"start":{"line":132,"column":22},"end":{"line":132,"column":30}},"71":{"start":{"line":134,"column":4},"end":{"line":137,"column":5}},"72":{"start":{"line":135,"column":6},"end":{"line":135,"column":70}},"73":{"start":{"line":136,"column":6},"end":{"line":136,"column":13}},"74":{"start":{"line":139,"column":21},"end":{"line":143,"column":7}},"75":{"start":{"line":139,"column":45},"end":{"line":143,"column":6}},"76":{"start":{"line":145,"column":4},"end":{"line":145,"column":36}},"77":{"start":{"line":146,"column":4},"end":{"line":146,"column":70}},"78":{"start":{"line":148,"column":4},"end":{"line":148,"column":56}},"79":{"start":{"line":149,"column":4},"end":{"line":149,"column":65}},"80":{"start":{"line":129,"column":13},"end":{"line":129,"column":25}}},"fnMap":{"0":{"name":"(anonymous_8)","decl":{"start":{"line":9,"column":32},"end":{"line":9,"column":null}},"loc":{"start":{"line":12,"column":19},"end":{"line":30,"column":2}}},"1":{"name":"(anonymous_9)","decl":{"start":{"line":12,"column":19},"end":{"line":12,"column":null}},"loc":{"start":{"line":12,"column":19},"end":{"line":30,"column":1}}},"2":{"name":"(anonymous_10)","decl":{"start":{"line":32,"column":30},"end":{"line":32,"column":null}},"loc":{"start":{"line":35,"column":19},"end":{"line":65,"column":2}}},"3":{"name":"(anonymous_11)","decl":{"start":{"line":35,"column":19},"end":{"line":35,"column":null}},"loc":{"start":{"line":35,"column":19},"end":{"line":65,"column":1}}},"4":{"name":"(anonymous_12)","decl":{"start":{"line":67,"column":28},"end":{"line":67,"column":null}},"loc":{"start":{"line":70,"column":19},"end":{"line":78,"column":2}}},"5":{"name":"(anonymous_13)","decl":{"start":{"line":70,"column":19},"end":{"line":70,"column":null}},"loc":{"start":{"line":70,"column":19},"end":{"line":78,"column":1}}},"6":{"name":"(anonymous_14)","decl":{"start":{"line":80,"column":31},"end":{"line":80,"column":null}},"loc":{"start":{"line":83,"column":19},"end":{"line":95,"column":2}}},"7":{"name":"(anonymous_15)","decl":{"start":{"line":83,"column":19},"end":{"line":83,"column":null}},"loc":{"start":{"line":83,"column":19},"end":{"line":95,"column":1}}},"8":{"name":"(anonymous_16)","decl":{"start":{"line":97,"column":30},"end":{"line":97,"column":null}},"loc":{"start":{"line":100,"column":19},"end":{"line":126,"column":2}}},"9":{"name":"(anonymous_17)","decl":{"start":{"line":100,"column":19},"end":{"line":100,"column":null}},"loc":{"start":{"line":100,"column":19},"end":{"line":126,"column":1}}},"10":{"name":"(anonymous_18)","decl":{"start":{"line":129,"column":25},"end":{"line":129,"column":32}},"loc":{"start":{"line":129,"column":82},"end":{"line":151,"column":2}}},"11":{"name":"(anonymous_19)","decl":{"start":{"line":129,"column":82},"end":{"line":129,"column":null}},"loc":{"start":{"line":129,"column":82},"end":{"line":151,"column":1}}},"12":{"name":"(anonymous_20)","decl":{"start":{"line":139,"column":31},"end":{"line":139,"column":32}},"loc":{"start":{"line":139,"column":45},"end":{"line":143,"column":6}}}},"branchMap":{"0":{"loc":{"start":{"line":18,"column":4},"end":{"line":23,"column":5}},"type":"if","locations":[{"start":{"line":18,"column":4},"end":{"line":23,"column":5}}]},"1":{"loc":{"start":{"line":40,"column":4},"end":{"line":43,"column":5}},"type":"if","locations":[{"start":{"line":40,"column":4},"end":{"line":43,"column":5}}]},"2":{"loc":{"start":{"line":48,"column":14},"end":{"line":48,"column":26}},"type":"cond-expr","locations":[{"start":{"line":48,"column":22},"end":{"line":48,"column":24}},{"start":{"line":48,"column":22},"end":{"line":48,"column":26}}]},"3":{"loc":{"start":{"line":48,"column":14},"end":{"line":48,"column":24}},"type":"binary-expr","locations":[{"start":{"line":48,"column":14},"end":{"line":48,"column":24}},{"start":{"line":48,"column":22},"end":{"line":48,"column":24}}]},"4":{"loc":{"start":{"line":49,"column":13},"end":{"line":49,"column":62}},"type":"cond-expr","locations":[{"start":{"line":49,"column":24},"end":{"line":49,"column":55}},{"start":{"line":49,"column":58},"end":{"line":49,"column":62}}]},"5":{"loc":{"start":{"line":72,"column":52},"end":{"line":72,"column":64}},"type":"cond-expr","locations":[{"start":{"line":72,"column":60},"end":{"line":72,"column":62}},{"start":{"line":72,"column":60},"end":{"line":72,"column":64}}]},"6":{"loc":{"start":{"line":72,"column":52},"end":{"line":72,"column":62}},"type":"binary-expr","locations":[{"start":{"line":72,"column":52},"end":{"line":72,"column":62}},{"start":{"line":72,"column":60},"end":{"line":72,"column":62}}]},"7":{"loc":{"start":{"line":86,"column":4},"end":{"line":89,"column":5}},"type":"if","locations":[{"start":{"line":86,"column":4},"end":{"line":89,"column":5}}]},"8":{"loc":{"start":{"line":104,"column":14},"end":{"line":104,"column":26}},"type":"cond-expr","locations":[{"start":{"line":104,"column":22},"end":{"line":104,"column":24}},{"start":{"line":104,"column":22},"end":{"line":104,"column":26}}]},"9":{"loc":{"start":{"line":104,"column":14},"end":{"line":104,"column":24}},"type":"binary-expr","locations":[{"start":{"line":104,"column":14},"end":{"line":104,"column":24}},{"start":{"line":104,"column":22},"end":{"line":104,"column":24}}]},"10":{"loc":{"start":{"line":107,"column":4},"end":{"line":110,"column":5}},"type":"if","locations":[{"start":{"line":107,"column":4},"end":{"line":110,"column":5}}]},"11":{"loc":{"start":{"line":116,"column":4},"end":{"line":119,"column":5}},"type":"if","locations":[{"start":{"line":116,"column":4},"end":{"line":119,"column":5}}]},"12":{"loc":{"start":{"line":134,"column":4},"end":{"line":137,"column":5}},"type":"if","locations":[{"start":{"line":134,"column":4},"end":{"line":137,"column":5}}]},"13":{"loc":{"start":{"line":134,"column":8},"end":{"line":134,"column":39}},"type":"binary-expr","locations":[{"start":{"line":134,"column":8},"end":{"line":134,"column":14}},{"start":{"line":134,"column":18},"end":{"line":134,"column":39}}]}},"s":{"0":0,"1":0,"2":0,"3":0,"4":0,"5":0,"6":0,"7":0,"8":0,"9":0,"10":0,"11":0,"12":0,"13":0,"14":0,"15":0,"16":0,"17":0,"18":0,"19":0,"20":0,"21":0,"22":0,"23":0,"24":0,"25":0,"26":0,"27":0,"28":0,"29":0,"30":0,"31":0,"32":0,"33":0,"34":0,"35":0,"36":0,"37":0,"38":0,"39":0,"40":0,"41":0,"42":0,"43":0,"44":0,"45":0,"46":0,"47":0,"48":0,"49":0,"50":0,"51":0,"52":0,"53":0,"54":0,"55":0,"56":0,"57":0,"58":0,"59":0,"60":0,"61":0,"62":0,"63":0,"64":0,"65":0,"66":0,"67":0,"68":0,"69":0,"70":0,"71":0,"72":0,"73":0,"74":0,"75":0,"76":0,"77":0,"78":0,"79":0,"80":0},"f":{"0":0,"1":0,"2":0,"3":0,"4":0,"5":0,"6":0,"7":0,"8":0,"9":0,"10":0,"11":0,"12":0},"b":{"0":[0],"1":[0],"2":[0,0],"3":[0,0],"4":[0,0],"5":[0,0],"6":[0,0],"7":[0],"8":[0,0],"9":[0,0],"10":[0],"11":[0],"12":[0],"13":[0,0]}}
,"C:\\rifa-online\\backend\\src\\controllers\\paymentController.ts": {"path":"C:\\rifa-online\\backend\\src\\controllers\\paymentController.ts","statementMap":{"0":{"start":{"line":3,"column":0},"end":{"line":3,"column":39}},"1":{"start":{"line":4,"column":0},"end":{"line":4,"column":47}},"2":{"start":{"line":5,"column":0},"end":{"line":5,"column":77}},"3":{"start":{"line":6,"column":0},"end":{"line":6,"column":73}},"4":{"start":{"line":9,"column":30},"end":{"line":193,"column":2}},"5":{"start":{"line":9,"column":87},"end":{"line":193,"column":2}},"6":{"start":{"line":10,"column":2},"end":{"line":192,"column":3}},"7":{"start":{"line":11,"column":71},"end":{"line":11,"column":79}},"8":{"start":{"line":12,"column":19},"end":{"line":12,"column":31}},"9":{"start":{"line":15,"column":4},"end":{"line":18,"column":5}},"10":{"start":{"line":16,"column":6},"end":{"line":16,"column":67}},"11":{"start":{"line":17,"column":6},"end":{"line":17,"column":13}},"12":{"start":{"line":21,"column":4},"end":{"line":31,"column":5}},"13":{"start":{"line":22,"column":6},"end":{"line":25,"column":7}},"14":{"start":{"line":23,"column":8},"end":{"line":23,"column":90}},"15":{"start":{"line":24,"column":8},"end":{"line":24,"column":15}},"16":{"start":{"line":27,"column":6},"end":{"line":30,"column":7}},"17":{"start":{"line":28,"column":8},"end":{"line":28,"column":63}},"18":{"start":{"line":29,"column":8},"end":{"line":29,"column":15}},"19":{"start":{"line":33,"column":4},"end":{"line":36,"column":5}},"20":{"start":{"line":34,"column":6},"end":{"line":34,"column":72}},"21":{"start":{"line":35,"column":6},"end":{"line":35,"column":13}},"22":{"start":{"line":39,"column":22},"end":{"line":39,"column":26}},"23":{"start":{"line":40,"column":19},"end":{"line":40,"column":23}},"24":{"start":{"line":42,"column":4},"end":{"line":73,"column":5}},"25":{"start":{"line":44,"column":23},"end":{"line":44,"column":59}},"26":{"start":{"line":47,"column":6},"end":{"line":50,"column":9}},"27":{"start":{"line":52,"column":6},"end":{"line":55,"column":7}},"28":{"start":{"line":53,"column":8},"end":{"line":53,"column":69}},"29":{"start":{"line":54,"column":8},"end":{"line":54,"column":15}},"30":{"start":{"line":58,"column":6},"end":{"line":61,"column":7}},"31":{"start":{"line":59,"column":8},"end":{"line":59,"column":71}},"32":{"start":{"line":60,"column":8},"end":{"line":60,"column":15}},"33":{"start":{"line":64,"column":6},"end":{"line":67,"column":9}},"34":{"start":{"line":69,"column":6},"end":{"line":72,"column":7}},"35":{"start":{"line":70,"column":8},"end":{"line":70,"column":68}},"36":{"start":{"line":71,"column":8},"end":{"line":71,"column":15}},"37":{"start":{"line":79,"column":4},"end":{"line":105,"column":5}},"38":{"start":{"line":80,"column":6},"end":{"line":83,"column":9}},"39":{"start":{"line":85,"column":6},"end":{"line":91,"column":7}},"40":{"start":{"line":86,"column":8},"end":{"line":89,"column":11}},"41":{"start":{"line":90,"column":8},"end":{"line":90,"column":15}},"42":{"start":{"line":93,"column":6},"end":{"line":96,"column":9}},"43":{"start":{"line":98,"column":6},"end":{"line":104,"column":7}},"44":{"start":{"line":99,"column":8},"end":{"line":102,"column":11}},"45":{"start":{"line":103,"column":8},"end":{"line":103,"column":15}},"46":{"start":{"line":108,"column":20},"end":{"line":124,"column":6}},"47":{"start":{"line":127,"column":4},"end":{"line":168,"column":5}},"48":{"start":{"line":128,"column":25},"end":{"line":128,"column":55}},"49":{"start":{"line":129,"column":6},"end":{"line":129,"column":55}},"50":{"start":{"line":130,"column":6},"end":{"line":130,"column":59}},"51":{"start":{"line":131,"column":11},"end":{"line":168,"column":5}},"52":{"start":{"line":132,"column":28},"end":{"line":132,"column":57}},"53":{"start":{"line":133,"column":6},"end":{"line":133,"column":61}},"54":{"start":{"line":134,"column":6},"end":{"line":134,"column":59}},"55":{"start":{"line":135,"column":6},"end":{"line":135,"column":93}},"56":{"start":{"line":136,"column":11},"end":{"line":168,"column":5}},"57":{"start":{"line":137,"column":6},"end":{"line":167,"column":7}},"58":{"start":{"line":138,"column":30},"end":{"line":138,"column":72}},"59":{"start":{"line":139,"column":8},"end":{"line":139,"column":73}},"60":{"start":{"line":140,"column":8},"end":{"line":140,"column":91}},"61":{"start":{"line":143,"column":8},"end":{"line":143,"column":29}},"62":{"start":{"line":146,"column":8},"end":{"line":152,"column":9}},"63":{"start":{"line":147,"column":10},"end":{"line":147,"column":45}},"64":{"start":{"line":148,"column":10},"end":{"line":148,"column":32}},"65":{"start":{"line":149,"column":15},"end":{"line":152,"column":9}},"66":{"start":{"line":150,"column":10},"end":{"line":150,"column":48}},"67":{"start":{"line":151,"column":10},"end":{"line":151,"column":35}},"68":{"start":{"line":155,"column":8},"end":{"line":161,"column":11}},"69":{"start":{"line":162,"column":8},"end":{"line":162,"column":15}},"70":{"start":{"line":164,"column":8},"end":{"line":164,"column":68}},"71":{"start":{"line":165,"column":8},"end":{"line":165,"column":84}},"72":{"start":{"line":166,"column":8},"end":{"line":166,"column":15}},"73":{"start":{"line":171,"column":4},"end":{"line":171,"column":25}},"74":{"start":{"line":174,"column":4},"end":{"line":180,"column":5}},"75":{"start":{"line":175,"column":6},"end":{"line":175,"column":41}},"76":{"start":{"line":176,"column":6},"end":{"line":176,"column":28}},"77":{"start":{"line":177,"column":11},"end":{"line":180,"column":5}},"78":{"start":{"line":178,"column":6},"end":{"line":178,"column":44}},"79":{"start":{"line":179,"column":6},"end":{"line":179,"column":31}},"80":{"start":{"line":183,"column":4},"end":{"line":187,"column":7}},"81":{"start":{"line":190,"column":4},"end":{"line":190,"column":57}},"82":{"start":{"line":191,"column":4},"end":{"line":191,"column":69}},"83":{"start":{"line":9,"column":13},"end":{"line":9,"column":30}},"84":{"start":{"line":196,"column":32},"end":{"line":228,"column":2}},"85":{"start":{"line":196,"column":89},"end":{"line":228,"column":2}},"86":{"start":{"line":197,"column":2},"end":{"line":227,"column":3}},"87":{"start":{"line":198,"column":26},"end":{"line":198,"column":36}},"88":{"start":{"line":199,"column":19},"end":{"line":199,"column":31}},"89":{"start":{"line":202,"column":4},"end":{"line":205,"column":5}},"90":{"start":{"line":203,"column":6},"end":{"line":203,"column":67}},"91":{"start":{"line":204,"column":6},"end":{"line":204,"column":13}},"92":{"start":{"line":208,"column":20},"end":{"line":211,"column":6}},"93":{"start":{"line":213,"column":4},"end":{"line":216,"column":5}},"94":{"start":{"line":214,"column":6},"end":{"line":214,"column":68}},"95":{"start":{"line":215,"column":6},"end":{"line":215,"column":13}},"96":{"start":{"line":219,"column":4},"end":{"line":222,"column":7}},"97":{"start":{"line":225,"column":4},"end":{"line":225,"column":64}},"98":{"start":{"line":226,"column":4},"end":{"line":226,"column":76}},"99":{"start":{"line":196,"column":13},"end":{"line":196,"column":32}},"100":{"start":{"line":231,"column":29},"end":{"line":271,"column":2}},"101":{"start":{"line":231,"column":86},"end":{"line":271,"column":2}},"102":{"start":{"line":232,"column":2},"end":{"line":270,"column":3}},"103":{"start":{"line":233,"column":26},"end":{"line":233,"column":36}},"104":{"start":{"line":234,"column":19},"end":{"line":234,"column":31}},"105":{"start":{"line":237,"column":4},"end":{"line":240,"column":5}},"106":{"start":{"line":238,"column":6},"end":{"line":238,"column":67}},"107":{"start":{"line":239,"column":6},"end":{"line":239,"column":13}},"108":{"start":{"line":243,"column":20},"end":{"line":247,"column":6}},"109":{"start":{"line":249,"column":4},"end":{"line":252,"column":5}},"110":{"start":{"line":250,"column":6},"end":{"line":250,"column":94}},"111":{"start":{"line":251,"column":6},"end":{"line":251,"column":13}},"112":{"start":{"line":255,"column":4},"end":{"line":255,"column":33}},"113":{"start":{"line":256,"column":4},"end":{"line":256,"column":35}},"114":{"start":{"line":257,"column":4},"end":{"line":257,"column":25}},"115":{"start":{"line":260,"column":4},"end":{"line":262,"column":7}},"116":{"start":{"line":265,"column":4},"end":{"line":265,"column":61}},"117":{"start":{"line":268,"column":4},"end":{"line":268,"column":56}},"118":{"start":{"line":269,"column":4},"end":{"line":269,"column":68}},"119":{"start":{"line":231,"column":13},"end":{"line":231,"column":29}}},"fnMap":{"0":{"name":"(anonymous_8)","decl":{"start":{"line":9,"column":30},"end":{"line":9,"column":37}},"loc":{"start":{"line":9,"column":87},"end":{"line":193,"column":2}}},"1":{"name":"(anonymous_9)","decl":{"start":{"line":9,"column":87},"end":{"line":9,"column":null}},"loc":{"start":{"line":9,"column":87},"end":{"line":193,"column":1}}},"2":{"name":"(anonymous_10)","decl":{"start":{"line":196,"column":32},"end":{"line":196,"column":39}},"loc":{"start":{"line":196,"column":89},"end":{"line":228,"column":2}}},"3":{"name":"(anonymous_11)","decl":{"start":{"line":196,"column":89},"end":{"line":196,"column":null}},"loc":{"start":{"line":196,"column":89},"end":{"line":228,"column":1}}},"4":{"name":"(anonymous_12)","decl":{"start":{"line":231,"column":29},"end":{"line":231,"column":36}},"loc":{"start":{"line":231,"column":86},"end":{"line":271,"column":2}}},"5":{"name":"(anonymous_13)","decl":{"start":{"line":231,"column":86},"end":{"line":231,"column":null}},"loc":{"start":{"line":231,"column":86},"end":{"line":271,"column":1}}}},"branchMap":{"0":{"loc":{"start":{"line":12,"column":19},"end":{"line":12,"column":31}},"type":"cond-expr","locations":[{"start":{"line":12,"column":27},"end":{"line":12,"column":29}},{"start":{"line":12,"column":27},"end":{"line":12,"column":31}}]},"1":{"loc":{"start":{"line":12,"column":19},"end":{"line":12,"column":29}},"type":"binary-expr","locations":[{"start":{"line":12,"column":19},"end":{"line":12,"column":29}},{"start":{"line":12,"column":27},"end":{"line":12,"column":29}}]},"2":{"loc":{"start":{"line":15,"column":4},"end":{"line":18,"column":5}},"type":"if","locations":[{"start":{"line":15,"column":4},"end":{"line":18,"column":5}}]},"3":{"loc":{"start":{"line":21,"column":4},"end":{"line":31,"column":5}},"type":"if","locations":[{"start":{"line":21,"column":4},"end":{"line":31,"column":5}},{"start":{"line":26,"column":11},"end":{"line":31,"column":5}}]},"4":{"loc":{"start":{"line":22,"column":6},"end":{"line":25,"column":7}},"type":"if","locations":[{"start":{"line":22,"column":6},"end":{"line":25,"column":7}}]},"5":{"loc":{"start":{"line":22,"column":10},"end":{"line":22,"column":43}},"type":"binary-expr","locations":[{"start":{"line":22,"column":10},"end":{"line":22,"column":17}},{"start":{"line":22,"column":21},"end":{"line":22,"column":32}},{"start":{"line":22,"column":36},"end":{"line":22,"column":43}}]},"6":{"loc":{"start":{"line":27,"column":6},"end":{"line":30,"column":7}},"type":"if","locations":[{"start":{"line":27,"column":6},"end":{"line":30,"column":7}}]},"7":{"loc":{"start":{"line":27,"column":10},"end":{"line":27,"column":46}},"type":"binary-expr","locations":[{"start":{"line":27,"column":10},"end":{"line":27,"column":17}},{"start":{"line":27,"column":21},"end":{"line":27,"column":35}},{"start":{"line":27,"column":39},"end":{"line":27,"column":46}}]},"8":{"loc":{"start":{"line":33,"column":4},"end":{"line":36,"column":5}},"type":"if","locations":[{"start":{"line":33,"column":4},"end":{"line":36,"column":5}}]},"9":{"loc":{"start":{"line":42,"column":4},"end":{"line":73,"column":5}},"type":"if","locations":[{"start":{"line":42,"column":4},"end":{"line":73,"column":5}},{"start":{"line":62,"column":11},"end":{"line":73,"column":5}}]},"10":{"loc":{"start":{"line":52,"column":6},"end":{"line":55,"column":7}},"type":"if","locations":[{"start":{"line":52,"column":6},"end":{"line":55,"column":7}}]},"11":{"loc":{"start":{"line":58,"column":6},"end":{"line":61,"column":7}},"type":"if","locations":[{"start":{"line":58,"column":6},"end":{"line":61,"column":7}}]},"12":{"loc":{"start":{"line":69,"column":6},"end":{"line":72,"column":7}},"type":"if","locations":[{"start":{"line":69,"column":6},"end":{"line":72,"column":7}}]},"13":{"loc":{"start":{"line":79,"column":4},"end":{"line":105,"column":5}},"type":"if","locations":[{"start":{"line":79,"column":4},"end":{"line":105,"column":5}},{"start":{"line":92,"column":11},"end":{"line":105,"column":5}}]},"14":{"loc":{"start":{"line":85,"column":6},"end":{"line":91,"column":7}},"type":"if","locations":[{"start":{"line":85,"column":6},"end":{"line":91,"column":7}}]},"15":{"loc":{"start":{"line":98,"column":6},"end":{"line":104,"column":7}},"type":"if","locations":[{"start":{"line":98,"column":6},"end":{"line":104,"column":7}}]},"16":{"loc":{"start":{"line":109,"column":21},"end":{"line":109,"column":82}},"type":"cond-expr","locations":[{"start":{"line":109,"column":62},"end":{"line":109,"column":66}},{"start":{"line":109,"column":69},"end":{"line":109,"column":82}}]},"17":{"loc":{"start":{"line":110,"column":18},"end":{"line":110,"column":76}},"type":"cond-expr","locations":[{"start":{"line":110,"column":59},"end":{"line":110,"column":69}},{"start":{"line":110,"column":72},"end":{"line":110,"column":76}}]},"18":{"loc":{"start":{"line":114,"column":19},"end":{"line":114,"column":47}},"type":"binary-expr","locations":[{"start":{"line":114,"column":19},"end":{"line":114,"column":30}},{"start":{"line":114,"column":34},"end":{"line":114,"column":47}}]},"19":{"loc":{"start":{"line":127,"column":4},"end":{"line":168,"column":5}},"type":"if","locations":[{"start":{"line":127,"column":4},"end":{"line":168,"column":5}},{"start":{"line":131,"column":11},"end":{"line":168,"column":5}}]},"20":{"loc":{"start":{"line":131,"column":11},"end":{"line":168,"column":5}},"type":"if","locations":[{"start":{"line":131,"column":11},"end":{"line":168,"column":5}},{"start":{"line":136,"column":11},"end":{"line":168,"column":5}}]},"21":{"loc":{"start":{"line":136,"column":11},"end":{"line":168,"column":5}},"type":"if","locations":[{"start":{"line":136,"column":11},"end":{"line":168,"column":5}}]},"22":{"loc":{"start":{"line":146,"column":8},"end":{"line":152,"column":9}},"type":"if","locations":[{"start":{"line":146,"column":8},"end":{"line":152,"column":9}},{"start":{"line":149,"column":15},"end":{"line":152,"column":9}}]},"23":{"loc":{"start":{"line":146,"column":12},"end":{"line":146,"column":62}},"type":"binary-expr","locations":[{"start":{"line":146,"column":12},"end":{"line":146,"column":50}},{"start":{"line":146,"column":54},"end":{"line":146,"column":62}}]},"24":{"loc":{"start":{"line":149,"column":15},"end":{"line":152,"column":9}},"type":"if","locations":[{"start":{"line":149,"column":15},"end":{"line":152,"column":9}}]},"25":{"loc":{"start":{"line":174,"column":4},"end":{"line":180,"column":5}},"type":"if","locations":[{"start":{"line":174,"column":4},"end":{"line":180,"column":5}},{"start":{"line":177,"column":11},"end":{"line":180,"column":5}}]},"26":{"loc":{"start":{"line":174,"column":8},"end":{"line":174,"column":58}},"type":"binary-expr","locations":[{"start":{"line":174,"column":8},"end":{"line":174,"column":46}},{"start":{"line":174,"column":50},"end":{"line":174,"column":58}}]},"27":{"loc":{"start":{"line":177,"column":11},"end":{"line":180,"column":5}},"type":"if","locations":[{"start":{"line":177,"column":11},"end":{"line":180,"column":5}}]},"28":{"loc":{"start":{"line":199,"column":19},"end":{"line":199,"column":31}},"type":"cond-expr","locations":[{"start":{"line":199,"column":27},"end":{"line":199,"column":29}},{"start":{"line":199,"column":27},"end":{"line":199,"column":31}}]},"29":{"loc":{"start":{"line":199,"column":19},"end":{"line":199,"column":29}},"type":"binary-expr","locations":[{"start":{"line":199,"column":19},"end":{"line":199,"column":29}},{"start":{"line":199,"column":27},"end":{"line":199,"column":29}}]},"30":{"loc":{"start":{"line":202,"column":4},"end":{"line":205,"column":5}},"type":"if","locations":[{"start":{"line":202,"column":4},"end":{"line":205,"column":5}}]},"31":{"loc":{"start":{"line":213,"column":4},"end":{"line":216,"column":5}},"type":"if","locations":[{"start":{"line":213,"column":4},"end":{"line":216,"column":5}}]},"32":{"loc":{"start":{"line":234,"column":19},"end":{"line":234,"column":31}},"type":"cond-expr","locations":[{"start":{"line":234,"column":27},"end":{"line":234,"column":29}},{"start":{"line":234,"column":27},"end":{"line":234,"column":31}}]},"33":{"loc":{"start":{"line":234,"column":19},"end":{"line":234,"column":29}},"type":"binary-expr","locations":[{"start":{"line":234,"column":19},"end":{"line":234,"column":29}},{"start":{"line":234,"column":27},"end":{"line":234,"column":29}}]},"34":{"loc":{"start":{"line":237,"column":4},"end":{"line":240,"column":5}},"type":"if","locations":[{"start":{"line":237,"column":4},"end":{"line":240,"column":5}}]},"35":{"loc":{"start":{"line":249,"column":4},"end":{"line":252,"column":5}},"type":"if","locations":[{"start":{"line":249,"column":4},"end":{"line":252,"column":5}}]}},"s":{"0":1,"1":1,"2":1,"3":1,"4":1,"5":12,"6":12,"7":12,"8":12,"9":12,"10":1,"11":1,"12":11,"13":3,"14":1,"15":1,"16":8,"17":1,"18":1,"19":9,"20":1,"21":1,"22":8,"23":8,"24":8,"25":2,"26":2,"27":2,"28":1,"29":1,"30":1,"31":1,"32":1,"33":6,"34":6,"35":1,"36":1,"37":5,"38":0,"39":0,"40":0,"41":0,"42":5,"43":5,"44":1,"45":1,"46":4,"47":4,"48":1,"49":1,"50":0,"51":3,"52":1,"53":1,"54":0,"55":0,"56":2,"57":2,"58":2,"59":1,"60":0,"61":0,"62":0,"63":0,"64":0,"65":0,"66":0,"67":0,"68":0,"69":0,"70":2,"71":2,"72":2,"73":0,"74":0,"75":0,"76":0,"77":0,"78":0,"79":0,"80":0,"81":2,"82":2,"83":1,"84":1,"85":3,"86":3,"87":3,"88":3,"89":3,"90":1,"91":1,"92":2,"93":2,"94":1,"95":1,"96":1,"97":0,"98":0,"99":1,"100":1,"101":3,"102":3,"103":3,"104":3,"105":3,"106":1,"107":1,"108":2,"109":2,"110":1,"111":1,"112":1,"113":1,"114":1,"115":1,"116":1,"117":0,"118":0,"119":1},"f":{"0":12,"1":12,"2":3,"3":3,"4":3,"5":3},"b":{"0":[1,11],"1":[12,12],"2":[1],"3":[3,8],"4":[1],"5":[3,3,2],"6":[1],"7":[8,8,7],"8":[1],"9":[2,6],"10":[1],"11":[1],"12":[1],"13":[0,5],"14":[0],"15":[1],"16":[0,4],"17":[0,4],"18":[4,0],"19":[1,3],"20":[1,2],"21":[2],"22":[0,0],"23":[0,0],"24":[0],"25":[0,0],"26":[0,0],"27":[0],"28":[1,2],"29":[3,3],"30":[1],"31":[1],"32":[1,2],"33":[3,3],"34":[1],"35":[1]}}
,"C:\\rifa-online\\backend\\src\\controllers\\rankingController.ts": {"path":"C:\\rifa-online\\backend\\src\\controllers\\rankingController.ts","statementMap":{"0":{"start":{"line":2,"column":0},"end":{"line":2,"column":33}},"1":{"start":{"line":4,"column":26},"end":{"line":21,"column":2}},"2":{"start":{"line":4,"column":64},"end":{"line":21,"column":2}},"3":{"start":{"line":5,"column":2},"end":{"line":20,"column":3}},"4":{"start":{"line":7,"column":18},"end":{"line":7,"column":65}},"5":{"start":{"line":10,"column":24},"end":{"line":14,"column":7}},"6":{"start":{"line":10,"column":52},"end":{"line":14,"column":6}},"7":{"start":{"line":16,"column":4},"end":{"line":16,"column":38}},"8":{"start":{"line":18,"column":4},"end":{"line":18,"column":52}},"9":{"start":{"line":19,"column":4},"end":{"line":19,"column":63}},"10":{"start":{"line":4,"column":13},"end":{"line":4,"column":26}}},"fnMap":{"0":{"name":"(anonymous_8)","decl":{"start":{"line":4,"column":26},"end":{"line":4,"column":33}},"loc":{"start":{"line":4,"column":64},"end":{"line":21,"column":2}}},"1":{"name":"(anonymous_9)","decl":{"start":{"line":4,"column":64},"end":{"line":4,"column":null}},"loc":{"start":{"line":4,"column":64},"end":{"line":21,"column":1}}},"2":{"name":"(anonymous_10)","decl":{"start":{"line":10,"column":34},"end":{"line":10,"column":35}},"loc":{"start":{"line":10,"column":52},"end":{"line":14,"column":6}}}},"branchMap":{"0":{"loc":{"start":{"line":13,"column":14},"end":{"line":13,"column":29}},"type":"binary-expr","locations":[{"start":{"line":13,"column":14},"end":{"line":13,"column":24}},{"start":{"line":13,"column":28},"end":{"line":13,"column":29}}]}},"s":{"0":0,"1":0,"2":0,"3":0,"4":0,"5":0,"6":0,"7":0,"8":0,"9":0,"10":0},"f":{"0":0,"1":0,"2":0},"b":{"0":[0,0]}}
,"C:\\rifa-online\\backend\\src\\controllers\\reservationController.ts": {"path":"C:\\rifa-online\\backend\\src\\controllers\\reservationController.ts","statementMap":{"0":{"start":{"line":2,"column":0},"end":{"line":2,"column":47}},"1":{"start":{"line":4,"column":31},"end":{"line":15,"column":2}},"2":{"start":{"line":4,"column":69},"end":{"line":15,"column":2}},"3":{"start":{"line":5,"column":2},"end":{"line":14,"column":3}},"4":{"start":{"line":6,"column":25},"end":{"line":8,"column":47}},"5":{"start":{"line":10,"column":4},"end":{"line":10,"column":39}},"6":{"start":{"line":12,"column":4},"end":{"line":12,"column":53}},"7":{"start":{"line":13,"column":4},"end":{"line":13,"column":66}},"8":{"start":{"line":4,"column":13},"end":{"line":4,"column":31}}},"fnMap":{"0":{"name":"(anonymous_8)","decl":{"start":{"line":4,"column":31},"end":{"line":4,"column":38}},"loc":{"start":{"line":4,"column":69},"end":{"line":15,"column":2}}},"1":{"name":"(anonymous_9)","decl":{"start":{"line":4,"column":69},"end":{"line":4,"column":null}},"loc":{"start":{"line":4,"column":69},"end":{"line":15,"column":1}}}},"branchMap":{},"s":{"0":0,"1":0,"2":0,"3":0,"4":0,"5":0,"6":0,"7":0,"8":0},"f":{"0":0,"1":0},"b":{}}
,"C:\\rifa-online\\backend\\src\\controllers\\userController.ts": {"path":"C:\\rifa-online\\backend\\src\\controllers\\userController.ts","statementMap":{"0":{"start":{"line":2,"column":0},"end":{"line":2,"column":30}},"1":{"start":{"line":3,"column":0},"end":{"line":3,"column":31}},"2":{"start":{"line":4,"column":0},"end":{"line":4,"column":33}},"3":{"start":{"line":6,"column":24},"end":{"line":31,"column":2}},"4":{"start":{"line":6,"column":77},"end":{"line":31,"column":2}},"5":{"start":{"line":7,"column":2},"end":{"line":30,"column":3}},"6":{"start":{"line":8,"column":50},"end":{"line":8,"column":58}},"7":{"start":{"line":10,"column":25},"end":{"line":10,"column":54}},"8":{"start":{"line":11,"column":4},"end":{"line":14,"column":5}},"9":{"start":{"line":12,"column":6},"end":{"line":12,"column":62}},"10":{"start":{"line":13,"column":6},"end":{"line":13,"column":13}},"11":{"start":{"line":16,"column":27},"end":{"line":16,"column":58}},"12":{"start":{"line":17,"column":17},"end":{"line":22,"column":6}},"13":{"start":{"line":24,"column":4},"end":{"line":24,"column":22}},"14":{"start":{"line":26,"column":18},"end":{"line":26,"column":69}},"15":{"start":{"line":27,"column":4},"end":{"line":27,"column":63}},"16":{"start":{"line":29,"column":4},"end":{"line":29,"column":52}},"17":{"start":{"line":6,"column":13},"end":{"line":6,"column":24}},"18":{"start":{"line":33,"column":21},"end":{"line":54,"column":2}},"19":{"start":{"line":33,"column":74},"end":{"line":54,"column":2}},"20":{"start":{"line":34,"column":2},"end":{"line":53,"column":3}},"21":{"start":{"line":35,"column":32},"end":{"line":35,"column":40}},"22":{"start":{"line":37,"column":17},"end":{"line":37,"column":46}},"23":{"start":{"line":38,"column":4},"end":{"line":41,"column":5}},"24":{"start":{"line":39,"column":6},"end":{"line":39,"column":61}},"25":{"start":{"line":40,"column":6},"end":{"line":40,"column":13}},"26":{"start":{"line":43,"column":20},"end":{"line":43,"column":65}},"27":{"start":{"line":44,"column":4},"end":{"line":47,"column":5}},"28":{"start":{"line":45,"column":6},"end":{"line":45,"column":61}},"29":{"start":{"line":46,"column":6},"end":{"line":46,"column":13}},"30":{"start":{"line":49,"column":18},"end":{"line":49,"column":69}},"31":{"start":{"line":50,"column":4},"end":{"line":50,"column":51}},"32":{"start":{"line":52,"column":4},"end":{"line":52,"column":52}},"33":{"start":{"line":33,"column":13},"end":{"line":33,"column":21}}},"fnMap":{"0":{"name":"(anonymous_8)","decl":{"start":{"line":6,"column":24},"end":{"line":6,"column":31}},"loc":{"start":{"line":6,"column":77},"end":{"line":31,"column":2}}},"1":{"name":"(anonymous_9)","decl":{"start":{"line":6,"column":77},"end":{"line":6,"column":null}},"loc":{"start":{"line":6,"column":77},"end":{"line":31,"column":1}}},"2":{"name":"(anonymous_10)","decl":{"start":{"line":33,"column":21},"end":{"line":33,"column":28}},"loc":{"start":{"line":33,"column":74},"end":{"line":54,"column":2}}},"3":{"name":"(anonymous_11)","decl":{"start":{"line":33,"column":74},"end":{"line":33,"column":null}},"loc":{"start":{"line":33,"column":74},"end":{"line":54,"column":1}}}},"branchMap":{"0":{"loc":{"start":{"line":11,"column":4},"end":{"line":14,"column":5}},"type":"if","locations":[{"start":{"line":11,"column":4},"end":{"line":14,"column":5}}]},"1":{"loc":{"start":{"line":38,"column":4},"end":{"line":41,"column":5}},"type":"if","locations":[{"start":{"line":38,"column":4},"end":{"line":41,"column":5}}]},"2":{"loc":{"start":{"line":44,"column":4},"end":{"line":47,"column":5}},"type":"if","locations":[{"start":{"line":44,"column":4},"end":{"line":47,"column":5}}]}},"s":{"0":0,"1":0,"2":0,"3":0,"4":0,"5":0,"6":0,"7":0,"8":0,"9":0,"10":0,"11":0,"12":0,"13":0,"14":0,"15":0,"16":0,"17":0,"18":0,"19":0,"20":0,"21":0,"22":0,"23":0,"24":0,"25":0,"26":0,"27":0,"28":0,"29":0,"30":0,"31":0,"32":0,"33":0},"f":{"0":0,"1":0,"2":0,"3":0},"b":{"0":[0],"1":[0],"2":[0]}}
,"C:\\rifa-online\\backend\\src\\controllers\\webhookController.ts": {"path":"C:\\rifa-online\\backend\\src\\controllers\\webhookController.ts","statementMap":{"0":{"start":{"line":2,"column":0},"end":{"line":2,"column":64}},"1":{"start":{"line":3,"column":0},"end":{"line":3,"column":38}},"2":{"start":{"line":8,"column":36},"end":{"line":32,"column":2}},"3":{"start":{"line":8,"column":89},"end":{"line":32,"column":2}},"4":{"start":{"line":9,"column":20},"end":{"line":9,"column":61}},"5":{"start":{"line":11,"column":2},"end":{"line":14,"column":3}},"6":{"start":{"line":12,"column":4},"end":{"line":12,"column":66}},"7":{"start":{"line":13,"column":4},"end":{"line":13,"column":11}},"8":{"start":{"line":16,"column":2},"end":{"line":31,"column":3}},"9":{"start":{"line":18,"column":18},"end":{"line":21,"column":null}},"10":{"start":{"line":25,"column":19},"end":{"line":25,"column":51}},"11":{"start":{"line":27,"column":4},"end":{"line":27,"column":21}},"12":{"start":{"line":29,"column":4},"end":{"line":29,"column":43}},"13":{"start":{"line":30,"column":4},"end":{"line":30,"column":88}},"14":{"start":{"line":8,"column":13},"end":{"line":8,"column":36}}},"fnMap":{"0":{"name":"(anonymous_8)","decl":{"start":{"line":8,"column":36},"end":{"line":8,"column":43}},"loc":{"start":{"line":8,"column":89},"end":{"line":32,"column":2}}},"1":{"name":"(anonymous_9)","decl":{"start":{"line":8,"column":89},"end":{"line":8,"column":null}},"loc":{"start":{"line":8,"column":89},"end":{"line":32,"column":1}}}},"branchMap":{"0":{"loc":{"start":{"line":11,"column":2},"end":{"line":14,"column":3}},"type":"if","locations":[{"start":{"line":11,"column":2},"end":{"line":14,"column":3}}]}},"s":{"0":0,"1":0,"2":0,"3":0,"4":0,"5":0,"6":0,"7":0,"8":0,"9":0,"10":0,"11":0,"12":0,"13":0,"14":0},"f":{"0":0,"1":0},"b":{"0":[0]}}
,"C:\\rifa-online\\backend\\src\\middleware\\auth.ts": {"path":"C:\\rifa-online\\backend\\src\\middleware\\auth.ts","statementMap":{"0":{"start":{"line":2,"column":0},"end":{"line":2,"column":31}},"1":{"start":{"line":8,"column":20},"end":{"line":26,"column":2}},"2":{"start":{"line":12,"column":19},"end":{"line":26,"column":2}},"3":{"start":{"line":13,"column":2},"end":{"line":25,"column":3}},"4":{"start":{"line":14,"column":18},"end":{"line":14,"column":69}},"5":{"start":{"line":16,"column":4},"end":{"line":18,"column":5}},"6":{"start":{"line":17,"column":6},"end":{"line":17,"column":24}},"7":{"start":{"line":20,"column":20},"end":{"line":20,"column":80}},"8":{"start":{"line":21,"column":4},"end":{"line":21,"column":23}},"9":{"start":{"line":22,"column":4},"end":{"line":22,"column":11}},"10":{"start":{"line":24,"column":4},"end":{"line":24,"column":59}},"11":{"start":{"line":8,"column":13},"end":{"line":8,"column":20}}},"fnMap":{"0":{"name":"(anonymous_8)","decl":{"start":{"line":8,"column":20},"end":{"line":8,"column":null}},"loc":{"start":{"line":12,"column":19},"end":{"line":26,"column":2}}},"1":{"name":"(anonymous_9)","decl":{"start":{"line":12,"column":19},"end":{"line":12,"column":null}},"loc":{"start":{"line":12,"column":19},"end":{"line":26,"column":1}}}},"branchMap":{"0":{"loc":{"start":{"line":14,"column":18},"end":{"line":14,"column":69}},"type":"cond-expr","locations":[{"start":{"line":14,"column":45},"end":{"line":14,"column":47}},{"start":{"line":14,"column":45},"end":{"line":14,"column":69}}]},"1":{"loc":{"start":{"line":14,"column":18},"end":{"line":14,"column":47}},"type":"binary-expr","locations":[{"start":{"line":14,"column":18},"end":{"line":14,"column":47}},{"start":{"line":14,"column":45},"end":{"line":14,"column":47}}]},"2":{"loc":{"start":{"line":16,"column":4},"end":{"line":18,"column":5}},"type":"if","locations":[{"start":{"line":16,"column":4},"end":{"line":18,"column":5}}]}},"s":{"0":0,"1":0,"2":0,"3":0,"4":0,"5":0,"6":0,"7":0,"8":0,"9":0,"10":0,"11":0},"f":{"0":0,"1":0},"b":{"0":[0,0],"1":[0,0],"2":[0]}}
,"C:\\rifa-online\\backend\\src\\model\\Campaign.ts": {"path":"C:\\rifa-online\\backend\\src\\model\\Campaign.ts","statementMap":{"0":{"start":{"line":1,"column":0},"end":{"line":1,"column":32}},"1":{"start":{"line":4,"column":23},"end":{"line":25,"column":2}},"2":{"start":{"line":27,"column":0},"end":{"line":27,"column":68}}},"fnMap":{},"branchMap":{},"s":{"0":0,"1":0,"2":0},"f":{},"b":{}}
,"C:\\rifa-online\\backend\\src\\model\\Card.ts": {"path":"C:\\rifa-online\\backend\\src\\model\\Card.ts","statementMap":{"0":{"start":{"line":1,"column":0},"end":{"line":1,"column":32}},"1":{"start":{"line":11,"column":19},"end":{"line":19,"column":2}},"2":{"start":{"line":22,"column":0},"end":{"line":22,"column":57}}},"fnMap":{},"branchMap":{},"s":{"0":0,"1":0,"2":0},"f":{},"b":{}}
,"C:\\rifa-online\\backend\\src\\model\\Payment.ts": {"path":"C:\\rifa-online\\backend\\src\\model\\Payment.ts","statementMap":{"0":{"start":{"line":1,"column":0},"end":{"line":1,"column":32}},"1":{"start":{"line":27,"column":22},"end":{"line":50,"column":null}},"2":{"start":{"line":54,"column":0},"end":{"line":54,"column":66}}},"fnMap":{},"branchMap":{},"s":{"0":1,"1":1,"2":1},"f":{},"b":{}}
,"C:\\rifa-online\\backend\\src\\model\\Reservation.ts": {"path":"C:\\rifa-online\\backend\\src\\model\\Reservation.ts","statementMap":{"0":{"start":{"line":1,"column":0},"end":{"line":1,"column":32}},"1":{"start":{"line":4,"column":26},"end":{"line":20,"column":2}},"2":{"start":{"line":22,"column":0},"end":{"line":22,"column":77}}},"fnMap":{},"branchMap":{},"s":{"0":2,"1":2,"2":2},"f":{},"b":{}}
,"C:\\rifa-online\\backend\\src\\model\\User.ts": {"path":"C:\\rifa-online\\backend\\src\\model\\User.ts","statementMap":{"0":{"start":{"line":1,"column":0},"end":{"line":1,"column":32}},"1":{"start":{"line":3,"column":19},"end":{"line":11,"column":2}},"2":{"start":{"line":13,"column":0},"end":{"line":13,"column":50}}},"fnMap":{},"branchMap":{},"s":{"0":0,"1":0,"2":0},"f":{},"b":{}}
,"C:\\rifa-online\\backend\\src\\model\\index.ts": {"path":"C:\\rifa-online\\backend\\src\\model\\index.ts","statementMap":{"0":{"start":{"line":1,"column":0},"end":{"line":1,"column":7}},"1":{"start":{"line":4,"column":9},"end":{"line":1,"column":34}},"2":{"start":{"line":2,"column":0},"end":{"line":2,"column":7}},"3":{"start":{"line":4,"column":19},"end":{"line":2,"column":26}}},"fnMap":{},"branchMap":{},"s":{"0":0,"1":0,"2":0,"3":0},"f":{},"b":{}}
,"C:\\rifa-online\\backend\\src\\routes\\campaignRoutes.ts": {"path":"C:\\rifa-online\\backend\\src\\routes\\campaignRoutes.ts","statementMap":{"0":{"start":{"line":1,"column":0},"end":{"line":1,"column":30}},"1":{"start":{"line":2,"column":0},"end":{"line":2,"column":42}},"2":{"start":{"line":3,"column":0},"end":{"line":3,"column":42}},"3":{"start":{"line":4,"column":0},"end":{"line":4,"column":null}},"4":{"start":{"line":13,"column":15},"end":{"line":13,"column":31}},"5":{"start":{"line":15,"column":0},"end":{"line":15,"column":63}},"6":{"start":{"line":16,"column":0},"end":{"line":16,"column":36}},"7":{"start":{"line":17,"column":0},"end":{"line":17,"column":42}},"8":{"start":{"line":18,"column":0},"end":{"line":18,"column":57}},"9":{"start":{"line":19,"column":0},"end":{"line":19,"column":44}},"10":{"start":{"line":20,"column":0},"end":{"line":20,"column":51}},"11":{"start":{"line":22,"column":0},"end":{"line":22,"column":22}}},"fnMap":{},"branchMap":{},"s":{"0":0,"1":0,"2":0,"3":0,"4":0,"5":0,"6":0,"7":0,"8":0,"9":0,"10":0,"11":0},"f":{},"b":{}}
,"C:\\rifa-online\\backend\\src\\routes\\paymentRoutes.ts": {"path":"C:\\rifa-online\\backend\\src\\routes\\paymentRoutes.ts","statementMap":{"0":{"start":{"line":1,"column":0},"end":{"line":1,"column":30}},"1":{"start":{"line":2,"column":0},"end":{"line":2,"column":42}},"2":{"start":{"line":3,"column":0},"end":{"line":3,"column":null}},"3":{"start":{"line":8,"column":0},"end":{"line":8,"column":72}},"4":{"start":{"line":10,"column":15},"end":{"line":10,"column":31}},"5":{"start":{"line":13,"column":0},"end":{"line":13,"column":46}},"6":{"start":{"line":15,"column":0},"end":{"line":15,"column":57}},"7":{"start":{"line":18,"column":0},"end":{"line":18,"column":55}},"8":{"start":{"line":21,"column":0},"end":{"line":21,"column":96}},"9":{"start":{"line":23,"column":0},"end":{"line":23,"column":22}}},"fnMap":{},"branchMap":{},"s":{"0":0,"1":0,"2":0,"3":0,"4":0,"5":0,"6":0,"7":0,"8":0,"9":0},"f":{},"b":{}}
,"C:\\rifa-online\\backend\\src\\routes\\rankingRoutes.ts": {"path":"C:\\rifa-online\\backend\\src\\routes\\rankingRoutes.ts","statementMap":{"0":{"start":{"line":1,"column":0},"end":{"line":1,"column":30}},"1":{"start":{"line":2,"column":0},"end":{"line":2,"column":62}},"2":{"start":{"line":4,"column":15},"end":{"line":4,"column":31}},"3":{"start":{"line":7,"column":0},"end":{"line":7,"column":35}},"4":{"start":{"line":9,"column":0},"end":{"line":9,"column":22}}},"fnMap":{},"branchMap":{},"s":{"0":0,"1":0,"2":0,"3":0,"4":0},"f":{},"b":{}}
,"C:\\rifa-online\\backend\\src\\routes\\reservationRoutes.ts": {"path":"C:\\rifa-online\\backend\\src\\routes\\reservationRoutes.ts","statementMap":{"0":{"start":{"line":1,"column":0},"end":{"line":1,"column":30}},"1":{"start":{"line":2,"column":0},"end":{"line":2,"column":71}},"2":{"start":{"line":3,"column":0},"end":{"line":3,"column":42}},"3":{"start":{"line":5,"column":15},"end":{"line":5,"column":31}},"4":{"start":{"line":7,"column":0},"end":{"line":7,"column":39}},"5":{"start":{"line":9,"column":0},"end":{"line":9,"column":22}}},"fnMap":{},"branchMap":{},"s":{"0":0,"1":0,"2":0,"3":0,"4":0,"5":0},"f":{},"b":{}}
,"C:\\rifa-online\\backend\\src\\routes\\userRoutes.ts": {"path":"C:\\rifa-online\\backend\\src\\routes\\userRoutes.ts","statementMap":{"0":{"start":{"line":1,"column":0},"end":{"line":1,"column":30}},"1":{"start":{"line":2,"column":0},"end":{"line":2,"column":64}},"2":{"start":{"line":4,"column":15},"end":{"line":4,"column":31}},"3":{"start":{"line":6,"column":0},"end":{"line":6,"column":35}},"4":{"start":{"line":7,"column":0},"end":{"line":7,"column":29}},"5":{"start":{"line":9,"column":0},"end":{"line":9,"column":22}}},"fnMap":{},"branchMap":{},"s":{"0":0,"1":0,"2":0,"3":0,"4":0,"5":0},"f":{},"b":{}}
,"C:\\rifa-online\\backend\\src\\services\\cardGenerator.ts.ts": {"path":"C:\\rifa-online\\backend\\src\\services\\cardGenerator.ts.ts","statementMap":{"0":{"start":{"line":7,"column":39},"end":{"line":19,"column":4}},"1":{"start":{"line":7,"column":100},"end":{"line":19,"column":4}},"2":{"start":{"line":8,"column":26},"end":{"line":8,"column":28}},"3":{"start":{"line":10,"column":4},"end":{"line":16,"column":5}},"4":{"start":{"line":10,"column":17},"end":{"line":10,"column":18}},"5":{"start":{"line":11,"column":6},"end":{"line":15,"column":9}},"6":{"start":{"line":18,"column":4},"end":{"line":18,"column":17}},"7":{"start":{"line":7,"column":15},"end":{"line":7,"column":39}}},"fnMap":{"0":{"name":"(anonymous_7)","decl":{"start":{"line":7,"column":39},"end":{"line":7,"column":46}},"loc":{"start":{"line":7,"column":100},"end":{"line":19,"column":4}}},"1":{"name":"(anonymous_8)","decl":{"start":{"line":7,"column":100},"end":{"line":7,"column":null}},"loc":{"start":{"line":7,"column":100},"end":{"line":19,"column":3}}}},"branchMap":{},"s":{"0":0,"1":0,"2":0,"3":0,"4":0,"5":0,"6":0,"7":0},"f":{"0":0,"1":0},"b":{}}
,"C:\\rifa-online\\backend\\src\\services\\paymentService.ts": {"path":"C:\\rifa-online\\backend\\src\\services\\paymentService.ts","statementMap":{"0":{"start":{"line":19,"column":31},"end":{"line":27,"column":2}},"1":{"start":{"line":19,"column":80},"end":{"line":27,"column":2}},"2":{"start":{"line":20,"column":22},"end":{"line":20,"column":75}},"3":{"start":{"line":21,"column":21},"end":{"line":21,"column":39}},"4":{"start":{"line":23,"column":2},"end":{"line":26,"column":4}},"5":{"start":{"line":19,"column":13},"end":{"line":19,"column":31}},"6":{"start":{"line":30,"column":30},"end":{"line":38,"column":2}},"7":{"start":{"line":30,"column":82},"end":{"line":38,"column":2}},"8":{"start":{"line":31,"column":25},"end":{"line":31,"column":80}},"9":{"start":{"line":32,"column":24},"end":{"line":32,"column":67}},"10":{"start":{"line":34,"column":2},"end":{"line":37,"column":4}},"11":{"start":{"line":30,"column":13},"end":{"line":30,"column":30}},"12":{"start":{"line":41,"column":34},"end":{"line":46,"column":2}},"13":{"start":{"line":41,"column":86},"end":{"line":46,"column":2}},"14":{"start":{"line":42,"column":2},"end":{"line":45,"column":4}},"15":{"start":{"line":41,"column":13},"end":{"line":41,"column":34}}},"fnMap":{"0":{"name":"(anonymous_7)","decl":{"start":{"line":19,"column":31},"end":{"line":19,"column":38}},"loc":{"start":{"line":19,"column":80},"end":{"line":27,"column":2}}},"1":{"name":"(anonymous_8)","decl":{"start":{"line":19,"column":80},"end":{"line":19,"column":null}},"loc":{"start":{"line":19,"column":80},"end":{"line":27,"column":1}}},"2":{"name":"(anonymous_9)","decl":{"start":{"line":30,"column":30},"end":{"line":30,"column":37}},"loc":{"start":{"line":30,"column":82},"end":{"line":38,"column":2}}},"3":{"name":"(anonymous_10)","decl":{"start":{"line":30,"column":82},"end":{"line":30,"column":null}},"loc":{"start":{"line":30,"column":82},"end":{"line":38,"column":1}}},"4":{"name":"(anonymous_11)","decl":{"start":{"line":41,"column":34},"end":{"line":41,"column":41}},"loc":{"start":{"line":41,"column":86},"end":{"line":46,"column":2}}},"5":{"name":"(anonymous_12)","decl":{"start":{"line":41,"column":86},"end":{"line":41,"column":null}},"loc":{"start":{"line":41,"column":86},"end":{"line":46,"column":1}}}},"branchMap":{},"s":{"0":1,"1":0,"2":0,"3":0,"4":0,"5":1,"6":1,"7":0,"8":0,"9":0,"10":0,"11":1,"12":1,"13":0,"14":0,"15":1},"f":{"0":0,"1":0,"2":0,"3":0,"4":0,"5":0},"b":{}}
,"C:\\rifa-online\\backend\\src\\services\\stripeService.ts": {"path":"C:\\rifa-online\\backend\\src\\services\\stripeService.ts","statementMap":{"0":{"start":{"line":1,"column":0},"end":{"line":1,"column":38}},"1":{"start":{"line":3,"column":0},"end":{"line":3,"column":47}},"2":{"start":{"line":13,"column":43},"end":{"line":94,"column":2}},"3":{"start":{"line":13,"column":103},"end":{"line":94,"column":2}},"4":{"start":{"line":14,"column":2},"end":{"line":93,"column":3}},"5":{"start":{"line":17,"column":26},"end":{"line":20,"column":6}},"6":{"start":{"line":23,"column":4},"end":{"line":74,"column":5}},"7":{"start":{"line":25,"column":23},"end":{"line":25,"column":59}},"8":{"start":{"line":26,"column":23},"end":{"line":26,"column":66}},"9":{"start":{"line":28,"column":6},"end":{"line":30,"column":7}},"10":{"start":{"line":29,"column":8},"end":{"line":29,"column":46}},"11":{"start":{"line":32,"column":6},"end":{"line":44,"column":8}},"12":{"start":{"line":47,"column":6},"end":{"line":47,"column":58}},"13":{"start":{"line":48,"column":11},"end":{"line":74,"column":5}},"14":{"start":{"line":50,"column":26},"end":{"line":50,"column":75}},"15":{"start":{"line":52,"column":6},"end":{"line":54,"column":7}},"16":{"start":{"line":53,"column":8},"end":{"line":53,"column":49}},"17":{"start":{"line":56,"column":6},"end":{"line":68,"column":8}},"18":{"start":{"line":71,"column":6},"end":{"line":71,"column":64}},"19":{"start":{"line":73,"column":6},"end":{"line":73,"column":83}},"20":{"start":{"line":77,"column":20},"end":{"line":84,"column":6}},"21":{"start":{"line":86,"column":4},"end":{"line":89,"column":6}},"22":{"start":{"line":91,"column":4},"end":{"line":91,"column":68}},"23":{"start":{"line":92,"column":4},"end":{"line":92,"column":16}},"24":{"start":{"line":13,"column":13},"end":{"line":13,"column":43}},"25":{"start":{"line":99,"column":35},"end":{"line":110,"column":2}},"26":{"start":{"line":99,"column":92},"end":{"line":110,"column":2}},"27":{"start":{"line":100,"column":2},"end":{"line":109,"column":3}},"28":{"start":{"line":101,"column":20},"end":{"line":101,"column":70}},"29":{"start":{"line":103,"column":4},"end":{"line":105,"column":6}},"30":{"start":{"line":107,"column":4},"end":{"line":107,"column":60}},"31":{"start":{"line":108,"column":4},"end":{"line":108,"column":16}},"32":{"start":{"line":99,"column":13},"end":{"line":99,"column":35}},"33":{"start":{"line":115,"column":35},"end":{"line":194,"column":2}},"34":{"start":{"line":115,"column":56},"end":{"line":194,"column":2}},"35":{"start":{"line":116,"column":2},"end":{"line":193,"column":3}},"36":{"start":{"line":117,"column":4},"end":{"line":187,"column":5}},"37":{"start":{"line":119,"column":24},"end":{"line":119,"column":41}},"38":{"start":{"line":122,"column":8},"end":{"line":155,"column":9}},"39":{"start":{"line":123,"column":26},"end":{"line":123,"column":89}},"40":{"start":{"line":123,"column":32},"end":{"line":123,"column":59}},"41":{"start":{"line":123,"column":74},"end":{"line":123,"column":88}},"42":{"start":{"line":124,"column":33},"end":{"line":130,"column":null}},"43":{"start":{"line":134,"column":10},"end":{"line":154,"column":11}},"44":{"start":{"line":135,"column":12},"end":{"line":153,"column":13}},"45":{"start":{"line":137,"column":14},"end":{"line":143,"column":16}},"46":{"start":{"line":144,"column":19},"end":{"line":153,"column":13}},"47":{"start":{"line":146,"column":31},"end":{"line":146,"column":67}},"48":{"start":{"line":147,"column":14},"end":{"line":152,"column":16}},"49":{"start":{"line":156,"column":8},"end":{"line":156,"column":14}},"50":{"start":{"line":160,"column":31},"end":{"line":160,"column":48}},"51":{"start":{"line":161,"column":8},"end":{"line":185,"column":9}},"52":{"start":{"line":162,"column":26},"end":{"line":162,"column":89}},"53":{"start":{"line":162,"column":32},"end":{"line":162,"column":59}},"54":{"start":{"line":162,"column":74},"end":{"line":162,"column":88}},"55":{"start":{"line":163,"column":10},"end":{"line":169,"column":12}},"56":{"start":{"line":172,"column":10},"end":{"line":184,"column":11}},"57":{"start":{"line":173,"column":12},"end":{"line":176,"column":14}},"58":{"start":{"line":177,"column":17},"end":{"line":184,"column":11}},"59":{"start":{"line":179,"column":29},"end":{"line":179,"column":65}},"60":{"start":{"line":180,"column":12},"end":{"line":183,"column":14}},"61":{"start":{"line":186,"column":8},"end":{"line":186,"column":14}},"62":{"start":{"line":189,"column":4},"end":{"line":189,"column":30}},"63":{"start":{"line":191,"column":4},"end":{"line":191,"column":59}},"64":{"start":{"line":192,"column":4},"end":{"line":192,"column":16}},"65":{"start":{"line":115,"column":13},"end":{"line":115,"column":35}}},"fnMap":{"0":{"name":"(anonymous_17)","decl":{"start":{"line":13,"column":43},"end":{"line":13,"column":50}},"loc":{"start":{"line":13,"column":103},"end":{"line":94,"column":2}}},"1":{"name":"(anonymous_18)","decl":{"start":{"line":13,"column":103},"end":{"line":13,"column":null}},"loc":{"start":{"line":13,"column":103},"end":{"line":94,"column":1}}},"2":{"name":"(anonymous_19)","decl":{"start":{"line":99,"column":35},"end":{"line":99,"column":42}},"loc":{"start":{"line":99,"column":92},"end":{"line":110,"column":2}}},"3":{"name":"(anonymous_20)","decl":{"start":{"line":99,"column":92},"end":{"line":99,"column":null}},"loc":{"start":{"line":99,"column":92},"end":{"line":110,"column":1}}},"4":{"name":"(anonymous_21)","decl":{"start":{"line":115,"column":35},"end":{"line":115,"column":42}},"loc":{"start":{"line":115,"column":56},"end":{"line":194,"column":2}}},"5":{"name":"(anonymous_22)","decl":{"start":{"line":115,"column":56},"end":{"line":115,"column":null}},"loc":{"start":{"line":115,"column":56},"end":{"line":194,"column":1}}},"6":{"name":"(anonymous_23)","decl":{"start":{"line":123,"column":32},"end":{"line":123,"column":39}},"loc":{"start":{"line":123,"column":32},"end":{"line":123,"column":59}}},"7":{"name":"(anonymous_24)","decl":{"start":{"line":123,"column":64},"end":{"line":123,"column":70}},"loc":{"start":{"line":123,"column":74},"end":{"line":123,"column":88}}},"8":{"name":"(anonymous_25)","decl":{"start":{"line":162,"column":32},"end":{"line":162,"column":39}},"loc":{"start":{"line":162,"column":32},"end":{"line":162,"column":59}}},"9":{"name":"(anonymous_26)","decl":{"start":{"line":162,"column":64},"end":{"line":162,"column":70}},"loc":{"start":{"line":162,"column":74},"end":{"line":162,"column":88}}}},"branchMap":{"0":{"loc":{"start":{"line":23,"column":4},"end":{"line":74,"column":5}},"type":"if","locations":[{"start":{"line":23,"column":4},"end":{"line":74,"column":5}},{"start":{"line":48,"column":11},"end":{"line":74,"column":5}}]},"1":{"loc":{"start":{"line":23,"column":8},"end":{"line":23,"column":76}},"type":"binary-expr","locations":[{"start":{"line":23,"column":8},"end":{"line":23,"column":54}},{"start":{"line":23,"column":58},"end":{"line":23,"column":76}}]},"2":{"loc":{"start":{"line":28,"column":6},"end":{"line":30,"column":7}},"type":"if","locations":[{"start":{"line":28,"column":6},"end":{"line":30,"column":7}}]},"3":{"loc":{"start":{"line":48,"column":11},"end":{"line":74,"column":5}},"type":"if","locations":[{"start":{"line":48,"column":11},"end":{"line":74,"column":5}},{"start":{"line":72,"column":11},"end":{"line":74,"column":5}}]},"4":{"loc":{"start":{"line":52,"column":6},"end":{"line":54,"column":7}},"type":"if","locations":[{"start":{"line":52,"column":6},"end":{"line":54,"column":7}}]},"5":{"loc":{"start":{"line":117,"column":4},"end":{"line":187,"column":5}},"type":"switch","locations":[{"start":{"line":118,"column":6},"end":{"line":156,"column":14}},{"start":{"line":158,"column":6},"end":{"line":186,"column":14}}]},"6":{"loc":{"start":{"line":122,"column":8},"end":{"line":155,"column":9}},"type":"if","locations":[{"start":{"line":122,"column":8},"end":{"line":155,"column":9}}]},"7":{"loc":{"start":{"line":122,"column":12},"end":{"line":122,"column":39}},"type":"cond-expr","locations":[{"start":{"line":122,"column":28},"end":{"line":122,"column":30}},{"start":{"line":122,"column":28},"end":{"line":122,"column":39}}]},"8":{"loc":{"start":{"line":122,"column":12},"end":{"line":122,"column":30}},"type":"binary-expr","locations":[{"start":{"line":122,"column":12},"end":{"line":122,"column":30}},{"start":{"line":122,"column":28},"end":{"line":122,"column":30}}]},"9":{"loc":{"start":{"line":134,"column":10},"end":{"line":154,"column":11}},"type":"if","locations":[{"start":{"line":134,"column":10},"end":{"line":154,"column":11}}]},"10":{"loc":{"start":{"line":135,"column":12},"end":{"line":153,"column":13}},"type":"if","locations":[{"start":{"line":135,"column":12},"end":{"line":153,"column":13}},{"start":{"line":144,"column":19},"end":{"line":153,"column":13}}]},"11":{"loc":{"start":{"line":144,"column":19},"end":{"line":153,"column":13}},"type":"if","locations":[{"start":{"line":144,"column":19},"end":{"line":153,"column":13}}]},"12":{"loc":{"start":{"line":161,"column":8},"end":{"line":185,"column":9}},"type":"if","locations":[{"start":{"line":161,"column":8},"end":{"line":185,"column":9}}]},"13":{"loc":{"start":{"line":161,"column":12},"end":{"line":161,"column":46}},"type":"cond-expr","locations":[{"start":{"line":161,"column":35},"end":{"line":161,"column":37}},{"start":{"line":161,"column":35},"end":{"line":161,"column":46}}]},"14":{"loc":{"start":{"line":161,"column":12},"end":{"line":161,"column":37}},"type":"binary-expr","locations":[{"start":{"line":161,"column":12},"end":{"line":161,"column":37}},{"start":{"line":161,"column":35},"end":{"line":161,"column":37}}]},"15":{"loc":{"start":{"line":172,"column":10},"end":{"line":184,"column":11}},"type":"if","locations":[{"start":{"line":172,"column":10},"end":{"line":184,"column":11}},{"start":{"line":177,"column":17},"end":{"line":184,"column":11}}]},"16":{"loc":{"start":{"line":177,"column":17},"end":{"line":184,"column":11}},"type":"if","locations":[{"start":{"line":177,"column":17},"end":{"line":184,"column":11}}]}},"s":{"0":2,"1":2,"2":2,"3":5,"4":5,"5":5,"6":5,"7":2,"8":2,"9":2,"10":1,"11":1,"12":1,"13":3,"14":2,"15":2,"16":1,"17":1,"18":1,"19":1,"20":2,"21":2,"22":3,"23":3,"24":2,"25":2,"26":2,"27":2,"28":2,"29":1,"30":1,"31":1,"32":2,"33":2,"34":3,"35":3,"36":3,"37":2,"38":2,"39":2,"40":2,"41":2,"42":2,"43":2,"44":2,"45":1,"46":1,"47":1,"48":1,"49":2,"50":1,"51":1,"52":1,"53":1,"54":1,"55":1,"56":1,"57":1,"58":0,"59":0,"60":0,"61":1,"62":3,"63":0,"64":0,"65":2},"f":{"0":5,"1":5,"2":2,"3":2,"4":3,"5":3,"6":2,"7":2,"8":1,"9":1},"b":{"0":[2,3],"1":[5,2],"2":[1],"3":[2,1],"4":[1],"5":[2,1],"6":[2],"7":[0,2],"8":[2,2],"9":[2],"10":[1,1],"11":[1],"12":[1],"13":[0,1],"14":[1,1],"15":[1,0],"16":[0]}}
,"C:\\rifa-online\\backend\\src\\types\\Payment.ts": {"path":"C:\\rifa-online\\backend\\src\\types\\Payment.ts","statementMap":{"0":{"start":{"line":1,"column":0},"end":{"line":1,"column":32}},"1":{"start":{"line":23,"column":22},"end":{"line":42,"column":null}},"2":{"start":{"line":45,"column":0},"end":{"line":45,"column":66}}},"fnMap":{},"branchMap":{},"s":{"0":0,"1":0,"2":0},"f":{},"b":{}}
,"C:\\rifa-online\\backend\\src\\utils\\fileUtils.ts": {"path":"C:\\rifa-online\\backend\\src\\utils\\fileUtils.ts","statementMap":{"0":{"start":{"line":1,"column":0},"end":{"line":1,"column":20}},"1":{"start":{"line":4,"column":26},"end":{"line":13,"column":1}},"2":{"start":{"line":5,"column":2},"end":{"line":12,"column":5}},"3":{"start":{"line":6,"column":4},"end":{"line":11,"column":7}},"4":{"start":{"line":7,"column":6},"end":{"line":9,"column":7}},"5":{"start":{"line":8,"column":8},"end":{"line":8,"column":27}},"6":{"start":{"line":10,"column":6},"end":{"line":10,"column":16}},"7":{"start":{"line":4,"column":13},"end":{"line":4,"column":26}}},"fnMap":{"0":{"name":"(anonymous_1)","decl":{"start":{"line":4,"column":26},"end":{"line":4,"column":27}},"loc":{"start":{"line":4,"column":62},"end":{"line":13,"column":1}}},"1":{"name":"(anonymous_2)","decl":{"start":{"line":5,"column":21},"end":{"line":5,"column":22}},"loc":{"start":{"line":5,"column":41},"end":{"line":12,"column":3}}},"2":{"name":"(anonymous_3)","decl":{"start":{"line":6,"column":24},"end":{"line":6,"column":25}},"loc":{"start":{"line":6,"column":32},"end":{"line":11,"column":5}}}},"branchMap":{"0":{"loc":{"start":{"line":7,"column":6},"end":{"line":9,"column":7}},"type":"if","locations":[{"start":{"line":7,"column":6},"end":{"line":9,"column":7}}]}},"s":{"0":0,"1":0,"2":0,"3":0,"4":0,"5":0,"6":0,"7":0},"f":{"0":0,"1":0,"2":0},"b":{"0":[0]}}
,"C:\\rifa-online\\backend\\src\\utils\\generateCampaignCards.ts": {"path":"C:\\rifa-online\\backend\\src\\utils\\generateCampaignCards.ts","statementMap":{"0":{"start":{"line":3,"column":37},"end":{"line":21,"column":2}},"1":{"start":{"line":6,"column":4},"end":{"line":21,"column":2}},"2":{"start":{"line":7,"column":16},"end":{"line":7,"column":18}},"3":{"start":{"line":9,"column":2},"end":{"line":18,"column":3}},"4":{"start":{"line":9,"column":15},"end":{"line":9,"column":16}},"5":{"start":{"line":11,"column":20},"end":{"line":11,"column":76}},"6":{"start":{"line":11,"column":61},"end":{"line":11,"column":75}},"7":{"start":{"line":13,"column":4},"end":{"line":17,"column":7}},"8":{"start":{"line":20,"column":2},"end":{"line":20,"column":15}},"9":{"start":{"line":3,"column":13},"end":{"line":3,"column":37}}},"fnMap":{"0":{"name":"(anonymous_7)","decl":{"start":{"line":3,"column":37},"end":{"line":3,"column":null}},"loc":{"start":{"line":6,"column":4},"end":{"line":21,"column":2}}},"1":{"name":"(anonymous_8)","decl":{"start":{"line":6,"column":4},"end":{"line":6,"column":null}},"loc":{"start":{"line":6,"column":4},"end":{"line":21,"column":1}}},"2":{"name":"(anonymous_9)","decl":{"start":{"line":11,"column":47},"end":{"line":11,"column":48}},"loc":{"start":{"line":11,"column":61},"end":{"line":11,"column":75}}}},"branchMap":{},"s":{"0":0,"1":0,"2":0,"3":0,"4":0,"5":0,"6":0,"7":0,"8":0,"9":0},"f":{"0":0,"1":0,"2":0},"b":{}}
}
