TN:
SF:src\server.ts
FN:23,(anonymous_1)
FN:41,(anonymous_2)
FN:49,(anonymous_3)
FNF:3
FNH:0
FNDA:0,(anonymous_1)
FNDA:0,(anonymous_2)
FNDA:0,(anonymous_3)
DA:1,0
DA:2,0
DA:3,0
DA:4,0
DA:5,0
DA:6,0
DA:7,0
DA:8,0
DA:9,0
DA:11,0
DA:13,0
DA:14,0
DA:23,0
DA:24,0
DA:25,0
DA:27,0
DA:32,0
DA:35,0
DA:36,0
DA:37,0
DA:38,0
DA:39,0
DA:41,0
DA:42,0
DA:48,0
DA:49,0
LF:26
LH:0
BRDA:24,0,0,0
BRDA:24,0,1,0
BRDA:48,1,0,0
BRDA:48,1,1,0
BRF:4
BRH:0
end_of_record
TN:
SF:src\config\database.ts
FN:6,(anonymous_8)
FN:6,(anonymous_9)
FNF:2
FNH:0
FNDA:0,(anonymous_8)
FNDA:0,(anonymous_9)
DA:1,0
DA:2,0
DA:4,0
DA:6,0
DA:7,0
DA:8,0
DA:9,0
DA:11,0
DA:12,0
LF:9
LH:0
BRF:0
BRH:0
end_of_record
TN:
SF:src\config\multer.ts
FN:7,(anonymous_1)
FN:10,(anonymous_2)
FN:11,(anonymous_3)
FN:18,(anonymous_4)
FNF:4
FNH:0
FNDA:0,(anonymous_1)
FNDA:0,(anonymous_2)
FNDA:0,(anonymous_3)
FNDA:0,(anonymous_4)
DA:1,0
DA:2,0
DA:3,0
DA:6,0
DA:8,0
DA:11,0
DA:12,0
DA:13,0
DA:18,0
DA:19,0
DA:26,0
DA:27,0
DA:29,0
DA:33,0
LF:14
LH:0
BRDA:12,0,0,0
BRDA:26,1,0,0
BRDA:26,1,1,0
BRF:3
BRH:0
end_of_record
TN:
SF:src\config\stripe.ts
FNF:0
FNH:0
DA:1,1
DA:2,1
DA:4,1
DA:6,1
DA:7,0
DA:8,0
DA:11,1
DA:15,1
LF:8
LH:6
BRDA:6,0,0,0
BRF:1
BRH:0
end_of_record
TN:
SF:src\controllers\campaignController.ts
FN:9,(anonymous_8)
FN:12,(anonymous_9)
FN:32,(anonymous_10)
FN:35,(anonymous_11)
FN:67,(anonymous_12)
FN:70,(anonymous_13)
FN:80,(anonymous_14)
FN:83,(anonymous_15)
FN:97,(anonymous_16)
FN:100,(anonymous_17)
FN:129,(anonymous_18)
FN:129,(anonymous_19)
FN:139,(anonymous_20)
FNF:13
FNH:0
FNDA:0,(anonymous_8)
FNDA:0,(anonymous_9)
FNDA:0,(anonymous_10)
FNDA:0,(anonymous_11)
FNDA:0,(anonymous_12)
FNDA:0,(anonymous_13)
FNDA:0,(anonymous_14)
FNDA:0,(anonymous_15)
FNDA:0,(anonymous_16)
FNDA:0,(anonymous_17)
FNDA:0,(anonymous_18)
FNDA:0,(anonymous_19)
FNDA:0,(anonymous_20)
DA:3,0
DA:4,0
DA:5,0
DA:6,0
DA:7,0
DA:9,0
DA:12,0
DA:13,0
DA:14,0
DA:16,0
DA:18,0
DA:19,0
DA:22,0
DA:25,0
DA:27,0
DA:28,0
DA:32,0
DA:35,0
DA:36,0
DA:37,0
DA:40,0
DA:41,0
DA:42,0
DA:45,0
DA:52,0
DA:54,0
DA:58,0
DA:60,0
DA:62,0
DA:63,0
DA:67,0
DA:70,0
DA:71,0
DA:72,0
DA:73,0
DA:75,0
DA:76,0
DA:80,0
DA:83,0
DA:84,0
DA:85,0
DA:86,0
DA:87,0
DA:88,0
DA:90,0
DA:92,0
DA:93,0
DA:97,0
DA:100,0
DA:101,0
DA:102,0
DA:107,0
DA:108,0
DA:109,0
DA:113,0
DA:116,0
DA:117,0
DA:118,0
DA:121,0
DA:123,0
DA:124,0
DA:129,0
DA:130,0
DA:131,0
DA:132,0
DA:134,0
DA:135,0
DA:136,0
DA:139,0
DA:145,0
DA:146,0
DA:148,0
DA:149,0
LF:73
LH:0
BRDA:18,0,0,0
BRDA:40,1,0,0
BRDA:48,2,0,0
BRDA:48,2,1,0
BRDA:48,3,0,0
BRDA:48,3,1,0
BRDA:49,4,0,0
BRDA:49,4,1,0
BRDA:72,5,0,0
BRDA:72,5,1,0
BRDA:72,6,0,0
BRDA:72,6,1,0
BRDA:86,7,0,0
BRDA:104,8,0,0
BRDA:104,8,1,0
BRDA:104,9,0,0
BRDA:104,9,1,0
BRDA:107,10,0,0
BRDA:116,11,0,0
BRDA:134,12,0,0
BRDA:134,13,0,0
BRDA:134,13,1,0
BRF:22
BRH:0
end_of_record
TN:
SF:src\controllers\paymentController.ts
FN:9,(anonymous_8)
FN:9,(anonymous_9)
FN:196,(anonymous_10)
FN:196,(anonymous_11)
FN:231,(anonymous_12)
FN:231,(anonymous_13)
FNF:6
FNH:6
FNDA:12,(anonymous_8)
FNDA:12,(anonymous_9)
FNDA:3,(anonymous_10)
FNDA:3,(anonymous_11)
FNDA:3,(anonymous_12)
FNDA:3,(anonymous_13)
DA:3,1
DA:4,1
DA:5,1
DA:6,1
DA:9,12
DA:10,12
DA:11,12
DA:12,12
DA:15,12
DA:16,1
DA:17,1
DA:21,11
DA:22,3
DA:23,1
DA:24,1
DA:27,8
DA:28,1
DA:29,1
DA:33,9
DA:34,1
DA:35,1
DA:39,8
DA:40,8
DA:42,8
DA:44,2
DA:47,2
DA:52,2
DA:53,1
DA:54,1
DA:58,1
DA:59,1
DA:60,1
DA:64,6
DA:69,6
DA:70,1
DA:71,1
DA:79,5
DA:80,0
DA:85,0
DA:86,0
DA:90,0
DA:93,5
DA:98,5
DA:99,1
DA:103,1
DA:108,4
DA:127,4
DA:128,1
DA:129,1
DA:130,0
DA:131,3
DA:132,1
DA:133,1
DA:134,0
DA:135,0
DA:136,2
DA:137,2
DA:138,2
DA:139,1
DA:140,0
DA:143,0
DA:146,0
DA:147,0
DA:148,0
DA:149,0
DA:150,0
DA:151,0
DA:155,0
DA:162,0
DA:164,2
DA:165,2
DA:166,2
DA:171,0
DA:174,0
DA:175,0
DA:176,0
DA:177,0
DA:178,0
DA:179,0
DA:183,0
DA:190,2
DA:191,2
DA:196,3
DA:197,3
DA:198,3
DA:199,3
DA:202,3
DA:203,1
DA:204,1
DA:208,2
DA:213,2
DA:214,1
DA:215,1
DA:219,1
DA:225,0
DA:226,0
DA:231,3
DA:232,3
DA:233,3
DA:234,3
DA:237,3
DA:238,1
DA:239,1
DA:243,2
DA:249,2
DA:250,1
DA:251,1
DA:255,1
DA:256,1
DA:257,1
DA:260,1
DA:265,1
DA:268,0
DA:269,0
LF:114
LH:85
BRDA:12,0,0,1
BRDA:12,0,1,11
BRDA:12,1,0,12
BRDA:12,1,1,12
BRDA:15,2,0,1
BRDA:21,3,0,3
BRDA:21,3,1,8
BRDA:22,4,0,1
BRDA:22,5,0,3
BRDA:22,5,1,3
BRDA:22,5,2,2
BRDA:27,6,0,1
BRDA:27,7,0,8
BRDA:27,7,1,8
BRDA:27,7,2,7
BRDA:33,8,0,1
BRDA:42,9,0,2
BRDA:42,9,1,6
BRDA:52,10,0,1
BRDA:58,11,0,1
BRDA:69,12,0,1
BRDA:79,13,0,0
BRDA:79,13,1,5
BRDA:85,14,0,0
BRDA:98,15,0,1
BRDA:109,16,0,0
BRDA:109,16,1,4
BRDA:110,17,0,0
BRDA:110,17,1,4
BRDA:114,18,0,4
BRDA:114,18,1,0
BRDA:127,19,0,1
BRDA:127,19,1,3
BRDA:131,20,0,1
BRDA:131,20,1,2
BRDA:136,21,0,2
BRDA:146,22,0,0
BRDA:146,22,1,0
BRDA:146,23,0,0
BRDA:146,23,1,0
BRDA:149,24,0,0
BRDA:174,25,0,0
BRDA:174,25,1,0
BRDA:174,26,0,0
BRDA:174,26,1,0
BRDA:177,27,0,0
BRDA:199,28,0,1
BRDA:199,28,1,2
BRDA:199,29,0,3
BRDA:199,29,1,3
BRDA:202,30,0,1
BRDA:213,31,0,1
BRDA:234,32,0,1
BRDA:234,32,1,2
BRDA:234,33,0,3
BRDA:234,33,1,3
BRDA:237,34,0,1
BRDA:249,35,0,1
BRF:58
BRH:43
end_of_record
TN:
SF:src\controllers\rankingController.ts
FN:4,(anonymous_8)
FN:4,(anonymous_9)
FN:10,(anonymous_10)
FNF:3
FNH:0
FNDA:0,(anonymous_8)
FNDA:0,(anonymous_9)
FNDA:0,(anonymous_10)
DA:2,0
DA:4,0
DA:5,0
DA:7,0
DA:10,0
DA:16,0
DA:18,0
DA:19,0
LF:8
LH:0
BRDA:13,0,0,0
BRDA:13,0,1,0
BRF:2
BRH:0
end_of_record
TN:
SF:src\controllers\reservationController.ts
FN:4,(anonymous_8)
FN:4,(anonymous_9)
FNF:2
FNH:0
FNDA:0,(anonymous_8)
FNDA:0,(anonymous_9)
DA:2,0
DA:4,0
DA:5,0
DA:6,0
DA:10,0
DA:12,0
DA:13,0
LF:7
LH:0
BRF:0
BRH:0
end_of_record
TN:
SF:src\controllers\userController.ts
FN:6,(anonymous_8)
FN:6,(anonymous_9)
FN:33,(anonymous_10)
FN:33,(anonymous_11)
FNF:4
FNH:0
FNDA:0,(anonymous_8)
FNDA:0,(anonymous_9)
FNDA:0,(anonymous_10)
FNDA:0,(anonymous_11)
DA:2,0
DA:3,0
DA:4,0
DA:6,0
DA:7,0
DA:8,0
DA:10,0
DA:11,0
DA:12,0
DA:13,0
DA:16,0
DA:17,0
DA:24,0
DA:26,0
DA:27,0
DA:29,0
DA:33,0
DA:34,0
DA:35,0
DA:37,0
DA:38,0
DA:39,0
DA:40,0
DA:43,0
DA:44,0
DA:45,0
DA:46,0
DA:49,0
DA:50,0
DA:52,0
LF:30
LH:0
BRDA:11,0,0,0
BRDA:38,1,0,0
BRDA:44,2,0,0
BRF:3
BRH:0
end_of_record
TN:
SF:src\controllers\webhookController.ts
FN:8,(anonymous_8)
FN:8,(anonymous_9)
FNF:2
FNH:0
FNDA:0,(anonymous_8)
FNDA:0,(anonymous_9)
DA:2,0
DA:3,0
DA:8,0
DA:9,0
DA:11,0
DA:12,0
DA:13,0
DA:16,0
DA:18,0
DA:25,0
DA:27,0
DA:29,0
DA:30,0
LF:13
LH:0
BRDA:11,0,0,0
BRF:1
BRH:0
end_of_record
TN:
SF:src\middleware\auth.ts
FN:8,(anonymous_8)
FN:12,(anonymous_9)
FNF:2
FNH:0
FNDA:0,(anonymous_8)
FNDA:0,(anonymous_9)
DA:2,0
DA:8,0
DA:12,0
DA:13,0
DA:14,0
DA:16,0
DA:17,0
DA:20,0
DA:21,0
DA:22,0
DA:24,0
LF:11
LH:0
BRDA:14,0,0,0
BRDA:14,0,1,0
BRDA:14,1,0,0
BRDA:14,1,1,0
BRDA:16,2,0,0
BRF:5
BRH:0
end_of_record
TN:
SF:src\model\Campaign.ts
FNF:0
FNH:0
DA:1,0
DA:4,0
DA:27,0
LF:3
LH:0
BRF:0
BRH:0
end_of_record
TN:
SF:src\model\Card.ts
FNF:0
FNH:0
DA:1,0
DA:11,0
DA:22,0
LF:3
LH:0
BRF:0
BRH:0
end_of_record
TN:
SF:src\model\Payment.ts
FNF:0
FNH:0
DA:1,1
DA:27,1
DA:54,1
LF:3
LH:3
BRF:0
BRH:0
end_of_record
TN:
SF:src\model\Reservation.ts
FNF:0
FNH:0
DA:1,2
DA:4,2
DA:22,2
LF:3
LH:3
BRF:0
BRH:0
end_of_record
TN:
SF:src\model\User.ts
FNF:0
FNH:0
DA:1,0
DA:3,0
DA:13,0
LF:3
LH:0
BRF:0
BRH:0
end_of_record
TN:
SF:src\model\index.ts
FNF:0
FNH:0
DA:1,0
DA:2,0
DA:4,0
LF:3
LH:0
BRF:0
BRH:0
end_of_record
TN:
SF:src\routes\campaignRoutes.ts
FNF:0
FNH:0
DA:1,0
DA:2,0
DA:3,0
DA:4,0
DA:13,0
DA:15,0
DA:16,0
DA:17,0
DA:18,0
DA:19,0
DA:20,0
DA:22,0
LF:12
LH:0
BRF:0
BRH:0
end_of_record
TN:
SF:src\routes\paymentRoutes.ts
FNF:0
FNH:0
DA:1,0
DA:2,0
DA:3,0
DA:8,0
DA:10,0
DA:13,0
DA:15,0
DA:18,0
DA:21,0
DA:23,0
LF:10
LH:0
BRF:0
BRH:0
end_of_record
TN:
SF:src\routes\rankingRoutes.ts
FNF:0
FNH:0
DA:1,0
DA:2,0
DA:4,0
DA:7,0
DA:9,0
LF:5
LH:0
BRF:0
BRH:0
end_of_record
TN:
SF:src\routes\reservationRoutes.ts
FNF:0
FNH:0
DA:1,0
DA:2,0
DA:3,0
DA:5,0
DA:7,0
DA:9,0
LF:6
LH:0
BRF:0
BRH:0
end_of_record
TN:
SF:src\routes\userRoutes.ts
FNF:0
FNH:0
DA:1,0
DA:2,0
DA:4,0
DA:6,0
DA:7,0
DA:9,0
LF:6
LH:0
BRF:0
BRH:0
end_of_record
TN:
SF:src\services\cardGenerator.ts.ts
FN:7,(anonymous_7)
FN:7,(anonymous_8)
FNF:2
FNH:0
FNDA:0,(anonymous_7)
FNDA:0,(anonymous_8)
DA:7,0
DA:8,0
DA:10,0
DA:11,0
DA:18,0
LF:5
LH:0
BRF:0
BRH:0
end_of_record
TN:
SF:src\services\paymentService.ts
FN:19,(anonymous_7)
FN:19,(anonymous_8)
FN:30,(anonymous_9)
FN:30,(anonymous_10)
FN:41,(anonymous_11)
FN:41,(anonymous_12)
FNF:6
FNH:0
FNDA:0,(anonymous_7)
FNDA:0,(anonymous_8)
FNDA:0,(anonymous_9)
FNDA:0,(anonymous_10)
FNDA:0,(anonymous_11)
FNDA:0,(anonymous_12)
DA:19,1
DA:20,0
DA:21,0
DA:23,0
DA:30,1
DA:31,0
DA:32,0
DA:34,0
DA:41,1
DA:42,0
LF:10
LH:3
BRF:0
BRH:0
end_of_record
TN:
SF:src\services\stripeService.ts
FN:13,(anonymous_17)
FN:13,(anonymous_18)
FN:99,(anonymous_19)
FN:99,(anonymous_20)
FN:115,(anonymous_21)
FN:115,(anonymous_22)
FN:123,(anonymous_23)
FN:123,(anonymous_24)
FN:162,(anonymous_25)
FN:162,(anonymous_26)
FNF:10
FNH:10
FNDA:5,(anonymous_17)
FNDA:5,(anonymous_18)
FNDA:2,(anonymous_19)
FNDA:2,(anonymous_20)
FNDA:3,(anonymous_21)
FNDA:3,(anonymous_22)
FNDA:2,(anonymous_23)
FNDA:2,(anonymous_24)
FNDA:1,(anonymous_25)
FNDA:1,(anonymous_26)
DA:1,2
DA:3,2
DA:13,5
DA:14,5
DA:17,5
DA:23,5
DA:25,2
DA:26,2
DA:28,2
DA:29,1
DA:32,1
DA:47,1
DA:48,3
DA:50,2
DA:52,2
DA:53,1
DA:56,1
DA:71,1
DA:73,1
DA:77,2
DA:86,2
DA:91,3
DA:92,3
DA:99,2
DA:100,2
DA:101,2
DA:103,1
DA:107,1
DA:108,1
DA:115,3
DA:116,3
DA:117,3
DA:119,2
DA:122,2
DA:123,2
DA:124,2
DA:134,2
DA:135,2
DA:137,1
DA:144,1
DA:146,1
DA:147,1
DA:156,2
DA:160,1
DA:161,1
DA:162,1
DA:163,1
DA:172,1
DA:173,1
DA:177,0
DA:179,0
DA:180,0
DA:186,1
DA:189,3
DA:191,0
DA:192,0
LF:56
LH:51
BRDA:23,0,0,2
BRDA:23,0,1,3
BRDA:23,1,0,5
BRDA:23,1,1,2
BRDA:28,2,0,1
BRDA:48,3,0,2
BRDA:48,3,1,1
BRDA:52,4,0,1
BRDA:117,5,0,2
BRDA:117,5,1,1
BRDA:122,6,0,2
BRDA:122,7,0,0
BRDA:122,7,1,2
BRDA:122,8,0,2
BRDA:122,8,1,2
BRDA:134,9,0,2
BRDA:135,10,0,1
BRDA:135,10,1,1
BRDA:144,11,0,1
BRDA:161,12,0,1
BRDA:161,13,0,0
BRDA:161,13,1,1
BRDA:161,14,0,1
BRDA:161,14,1,1
BRDA:172,15,0,1
BRDA:172,15,1,0
BRDA:177,16,0,0
BRF:27
BRH:23
end_of_record
TN:
SF:src\types\Payment.ts
FNF:0
FNH:0
DA:1,0
DA:23,0
DA:45,0
LF:3
LH:0
BRF:0
BRH:0
end_of_record
TN:
SF:src\utils\fileUtils.ts
FN:4,(anonymous_1)
FN:5,(anonymous_2)
FN:6,(anonymous_3)
FNF:3
FNH:0
FNDA:0,(anonymous_1)
FNDA:0,(anonymous_2)
FNDA:0,(anonymous_3)
DA:1,0
DA:4,0
DA:5,0
DA:6,0
DA:7,0
DA:8,0
DA:10,0
LF:7
LH:0
BRDA:7,0,0,0
BRF:1
BRH:0
end_of_record
TN:
SF:src\utils\generateCampaignCards.ts
FN:3,(anonymous_7)
FN:6,(anonymous_8)
FN:11,(anonymous_9)
FNF:3
FNH:0
FNDA:0,(anonymous_7)
FNDA:0,(anonymous_8)
FNDA:0,(anonymous_9)
DA:3,0
DA:6,0
DA:7,0
DA:9,0
DA:11,0
DA:13,0
DA:20,0
LF:7
LH:0
BRF:0
BRH:0
end_of_record
